2026-04-01 20:10:39,785 - httpx - INFO - HTTP Request: POST https://api.telegram.org/bot8592906266:AAGA326kDs1pNXbVRWbwtWxIUR3n9VkKQYE/getMe "HTTP/1.1 200 OK"
2026-04-01 20:10:40,046 - httpx - INFO - HTTP Request: POST https://api.telegram.org/bot8592906266:AAGA326kDs1pNXbVRWbwtWxIUR3n9VkKQYE/deleteWebhook "HTTP/1.1 200 OK"
2026-04-01 20:10:40,049 - telegram.ext.Application - INFO - Application started
2026-04-01 20:10:50,896 - httpx - INFO - HTTP Request: POST https://api.telegram.org/bot8592906266:AAGA326kDs1pNXbVRWbwtWxIUR3n9VkKQYE/getUpdates "HTTP/1.1 200 OK"
2026-04-01 20:11:01,155 - httpx - INFO - HTTP Request: POST https://api.telegram.org/bot8592906266:AAGA326kDs1pNXbVRWbwtWxIUR3n9VkKQYE/getUpdates "HTTP/1.1 200 OK"
2026-04-01 20:11:11,414 - httpx - INFO - HTTP Request: POST https://api.telegram.org/bot8592906266:AAGA326kDs1pNXbVRWbwtWxIUR3n9VkKQYE/getUpdates "HTTP/1.1 200 OK"
2026-04-01 20:11:21,675 - httpx - INFO - HTTP Request: POST https://api.telegram.org/bot8592906266:AAGA326kDs1pNXbVRWbwtWxIUR3n9VkKQYE/getUpdates "HTTP/1.1 200 OK"
2026-04-01 20:11:31,944 - httpx - INFO - HTTP Request: POST https://api.telegram.org/bot8592906266:AAGA326kDs1pNXbVRWbwtWxIUR3n9VkKQYE/getUpdates "HTTP/1.1 200 OK"
2026-04-01 20:11:42,214 - httpx - INFO - HTTP Request: POST https://api.telegram.org/bot8592906266:AAGA326kDs1pNXbVRWbwtWxIUR3n9VkKQYE/getUpdates "HTTP/1.1 200 OK"
2026-04-01 20:11:52,484 - httpx - INFO - HTTP Request: POST https://api.telegram.org/bot8592906266:AAGA326kDs1pNXbVRWbwtWxIUR3n9VkKQYE/getUpdates "HTTP/1.1 200 OK"
2026-04-01 20:12:02,765 - httpx - INFO - HTTP Request: POST https://api.telegram.org/bot8592906266:AAGA326kDs1pNXbVRWbwtWxIUR3n9VkKQYE/getUpdates "HTTP/1.1 200 OK"
2026-04-01 20:12:10,514 - httpx - INFO - HTTP Request: POST https://api.telegram.org/bot8592906266:AAGA326kDs1pNXbVRWbwtWxIUR3n9VkKQYE/getUpdates "HTTP/1.1 200 OK"
2026-04-01 20:12:11,575 - httpx - INFO - HTTP Request: POST https://api.telegram.org/bot8592906266:AAGA326kDs1pNXbVRWbwtWxIUR3n9VkKQYE/sendMessage "HTTP/1.1 200 OK"
2026-04-01 20:12:12,104 - httpx - INFO - HTTP Request: POST https://api.telegram.org/bot8592906266:AAGA326kDs1pNXbVRWbwtWxIUR3n9VkKQYE/deleteMessage "HTTP/1.1 200 OK"
2026-04-01 20:12:12,564 - httpx - INFO - HTTP Request: POST https://api.telegram.org/bot8592906266:AAGA326kDs1pNXbVRWbwtWxIUR3n9VkKQYE/sendMessage "HTTP/1.1 200 OK"
2026-04-01 20:12:20,784 - httpx - INFO - HTTP Request: POST https://api.telegram.org/bot8592906266:AAGA326kDs1pNXbVRWbwtWxIUR3n9VkKQYE/getUpdates "HTTP/1.1 200 OK"
2026-04-01 20:12:31,045 - httpx - INFO - HTTP Request: POST https://api.telegram.org/bot8592906266:AAGA326kDs1pNXbVRWbwtWxIUR3n9VkKQYE/getUpdates "HTTP/1.1 200 OK"
2026-04-01 20:12:41,314 - httpx - INFO - HTTP Request: POST https://api.telegram.org/bot8592906266:AAGA326kDs1pNXbVRWbwtWxIUR3n9VkKQYE/getUpdates "HTTP/1.1 200 OK"
2026-04-01 20:12:51,604 - httpx - INFO - HTTP Request: POST https://api.telegram.org/bot8592906266:AAGA326kDs1pNXbVRWbwtWxIUR3n9VkKQYE/getUpdates "HTTP/1.1 200 OK"
2026-04-01 20:13:01,955 - httpx - INFO - HTTP Request: POST https://api.telegram.org/bot8592906266:AAGA326kDs1pNXbVRWbwtWxIUR3n9VkKQYE/getUpdates "HTTP/1.1 200 OK"
2026-04-01 20:13:12,225 - httpx - INFO - HTTP Request: POST https://api.telegram.org/bot8592906266:AAGA326kDs1pNXbVRWbwtWxIUR3n9VkKQYE/getUpdates "HTTP/1.1 200 OK"
2026-04-01 20:13:22,495 - httpx - INFO - HTTP Request: POST https://api.telegram.org/bot8592906266:AAGA326kDs1pNXbVRWbwtWxIUR3n9VkKQYE/getUpdates "HTTP/1.1 200 OK"
2026-04-01 20:13:32,765 - httpx - INFO - HTTP Request: POST https://api.telegram.org/bot8592906266:AAGA326kDs1pNXbVRWbwtWxIUR3n9VkKQYE/getUpdates "HTTP/1.1 200 OK"
2026-04-01 20:13:43,035 - httpx - INFO - HTTP Request: POST https://api.telegram.org/bot8592906266:AAGA326kDs1pNXbVRWbwtWxIUR3n9VkKQYE/getUpdates "HTTP/1.1 200 OK"
2026-04-01 20:13:53,305 - httpx - INFO - HTTP Request: POST https://api.telegram.org/bot8592906266:AAGA326kDs1pNXbVRWbwtWxIUR3n9VkKQYE/getUpdates "HTTP/1.1 200 OK"
2026-04-01 20:14:03,575 - httpx - INFO - HTTP Request: POST https://api.telegram.org/bot8592906266:AAGA326kDs1pNXbVRWbwtWxIUR3n9VkKQYE/getUpdates "HTTP/1.1 200 OK"
2026-04-01 20:14:13,835 - httpx - INFO - HTTP Request: POST https://api.telegram.org/bot8592906266:AAGA326kDs1pNXbVRWbwtWxIUR3n9VkKQYE/getUpdates "HTTP/1.1 200 OK"
2026-04-01 20:14:24,105 - httpx - INFO - HTTP Request: POST https://api.telegram.org/bot8592906266:AAGA326kDs1pNXbVRWbwtWxIUR3n9VkKQYE/getUpdates "HTTP/1.1 200 OK"
2026-04-01 20:14:34,425 - httpx - INFO - HTTP Request: POST https://api.telegram.org/bot8592906266:AAGA326kDs1pNXbVRWbwtWxIUR3n9VkKQYE/getUpdates "HTTP/1.1 200 OK"
2026-04-01 20:14:44,695 - httpx - INFO - HTTP Request: POST https://api.telegram.org/bot8592906266:AAGA326kDs1pNXbVRWbwtWxIUR3n9VkKQYE/getUpdates "HTTP/1.1 200 OK"
2026-04-01 20:14:54,965 - httpx - INFO - HTTP Request: POST https://api.telegram.org/bot8592906266:AAGA326kDs1pNXbVRWbwtWxIUR3n9VkKQYE/getUpdates "HTTP/1.1 200 OK"
2026-04-01 20:15:05,235 - httpx - INFO - HTTP Request: POST https://api.telegram.org/bot8592906266:AAGA326kDs1pNXbVRWbwtWxIUR3n9VkKQYE/getUpdates "HTTP/1.1 200 OK"
2026-04-01 20:15:15,505 - httpx - INFO - HTTP Request: POST https://api.telegram.org/bot8592906266:AAGA326kDs1pNXbVRWbwtWxIUR3n9VkKQYE/getUpdates "HTTP/1.1 200 OK"
2026-04-01 20:15:25,773 - httpx - INFO - HTTP Request: POST https://api.telegram.org/bot8592906266:AAGA326kDs1pNXbVRWbwtWxIUR3n9VkKQYE/getUpdates "HTTP/1.1 200 OK"
2026-04-01 20:15:36,042 - httpx - INFO - HTTP Request: POST https://api.telegram.org/bot8592906266:AAGA326kDs1pNXbVRWbwtWxIUR3n9VkKQYE/getUpdates "HTTP/1.1 200 OK"
2026-04-01 20:15:42,711 - httpx - INFO - HTTP Request: POST https://api.telegram.org/bot8592906266:AAGA326kDs1pNXbVRWbwtWxIUR3n9VkKQYE/getUpdates "HTTP/1.1 200 OK"
2026-04-01 20:15:43,721 - httpx - INFO - HTTP Request: POST https://api.telegram.org/bot8592906266:AAGA326kDs1pNXbVRWbwtWxIUR3n9VkKQYE/sendMessage "HTTP/1.1 200 OK"
2026-04-01 20:15:44,171 - httpx - INFO - HTTP Request: POST https://api.telegram.org/bot8592906266:AAGA326kDs1pNXbVRWbwtWxIUR3n9VkKQYE/deleteMessage "HTTP/1.1 200 OK"
2026-04-01 20:15:44,640 - httpx - INFO - HTTP Request: POST https://api.telegram.org/bot8592906266:AAGA326kDs1pNXbVRWbwtWxIUR3n9VkKQYE/sendMessage "HTTP/1.1 200 OK"
2026-04-01 20:15:52,981 - httpx - INFO - HTTP Request: POST https://api.telegram.org/bot8592906266:AAGA326kDs1pNXbVRWbwtWxIUR3n9VkKQYE/getUpdates "HTTP/1.1 200 OK"
2026-04-01 20:16:03,270 - httpx - INFO - HTTP Request: POST https://api.telegram.org/bot8592906266:AAGA326kDs1pNXbVRWbwtWxIUR3n9VkKQYE/getUpdates "HTTP/1.1 200 OK"
2026-04-01 20:16:13,540 - httpx - INFO - HTTP Request: POST https://api.telegram.org/bot8592906266:AAGA326kDs1pNXbVRWbwtWxIUR3n9VkKQYE/getUpdates "HTTP/1.1 200 OK"
2026-04-01 20:16:23,809 - httpx - INFO - HTTP Request: POST https://api.telegram.org/bot8592906266:AAGA326kDs1pNXbVRWbwtWxIUR3n9VkKQYE/getUpdates "HTTP/1.1 200 OK"
2026-04-01 20:16:34,079 - httpx - INFO - HTTP Request: POST https://api.telegram.org/bot8592906266:AAGA326kDs1pNXbVRWbwtWxIUR3n9VkKQYE/getUpdates "HTTP/1.1 200 OK"
2026-04-01 20:16:44,339 - httpx - INFO - HTTP Request: POST https://api.telegram.org/bot8592906266:AAGA326kDs1pNXbVRWbwtWxIUR3n9VkKQYE/getUpdates "HTTP/1.1 200 OK"
2026-04-01 20:16:54,599 - httpx - INFO - HTTP Request: POST https://api.telegram.org/bot8592906266:AAGA326kDs1pNXbVRWbwtWxIUR3n9VkKQYE/getUpdates "HTTP/1.1 200 OK"
2026-04-01 20:17:04,870 - httpx - INFO - HTTP Request: POST https://api.telegram.org/bot8592906266:AAGA326kDs1pNXbVRWbwtWxIUR3n9VkKQYE/getUpdates "HTTP/1.1 200 OK"
2026-04-01 20:17:15,139 - httpx - INFO - HTTP Request: POST https://api.telegram.org/bot8592906266:AAGA326kDs1pNXbVRWbwtWxIUR3n9VkKQYE/getUpdates "HTTP/1.1 200 OK"
2026-04-01 20:17:25,409 - httpx - INFO - HTTP Request: POST https://api.telegram.org/bot8592906266:AAGA326kDs1pNXbVRWbwtWxIUR3n9VkKQYE/getUpdates "HTTP/1.1 200 OK"
2026-04-01 20:17:35,680 - httpx - INFO - HTTP Request: POST https://api.telegram.org/bot8592906266:AAGA326kDs1pNXbVRWbwtWxIUR3n9VkKQYE/getUpdates "HTTP/1.1 200 OK"
2026-04-01 20:17:45,950 - httpx - INFO - HTTP Request: POST https://api.telegram.org/bot8592906266:AAGA326kDs1pNXbVRWbwtWxIUR3n9VkKQYE/getUpdates "HTTP/1.1 200 OK"
2026-04-01 20:17:54,051 - httpx - INFO - HTTP Request: POST https://api.telegram.org/bot8592906266:AAGA326kDs1pNXbVRWbwtWxIUR3n9VkKQYE/getUpdates "HTTP/1.1 200 OK"
2026-04-01 20:17:54,053 - telegram.ext.Application - INFO - Application is stopping. This might take a moment.
2026-04-01 20:17:54,053 - telegram.ext.Application - INFO - Application.stop() complete
🤖 붐엘 텔레그램 봇 시작: @boomllm_bot (MLX 통합 버전)
