2026-04-01 21:52:57,906 - httpx - INFO - HTTP Request: POST https://api.telegram.org/bot8592906266:AAGA326kDs1pNXbVRWbwtWxIUR3n9VkKQYE/getMe "HTTP/1.1 200 OK"
2026-04-01 21:52:58,196 - httpx - INFO - HTTP Request: POST https://api.telegram.org/bot8592906266:AAGA326kDs1pNXbVRWbwtWxIUR3n9VkKQYE/deleteWebhook "HTTP/1.1 200 OK"
2026-04-01 21:52:58,199 - telegram.ext.Application - INFO - Application started
2026-04-01 21:53:09,005 - httpx - INFO - HTTP Request: POST https://api.telegram.org/bot8592906266:AAGA326kDs1pNXbVRWbwtWxIUR3n9VkKQYE/getUpdates "HTTP/1.1 200 OK"
2026-04-01 21:53:19,285 - httpx - INFO - HTTP Request: POST https://api.telegram.org/bot8592906266:AAGA326kDs1pNXbVRWbwtWxIUR3n9VkKQYE/getUpdates "HTTP/1.1 200 OK"
2026-04-01 21:53:29,575 - httpx - INFO - HTTP Request: POST https://api.telegram.org/bot8592906266:AAGA326kDs1pNXbVRWbwtWxIUR3n9VkKQYE/getUpdates "HTTP/1.1 200 OK"
2026-04-01 21:53:39,855 - httpx - INFO - HTTP Request: POST https://api.telegram.org/bot8592906266:AAGA326kDs1pNXbVRWbwtWxIUR3n9VkKQYE/getUpdates "HTTP/1.1 200 OK"
2026-04-01 21:53:50,146 - httpx - INFO - HTTP Request: POST https://api.telegram.org/bot8592906266:AAGA326kDs1pNXbVRWbwtWxIUR3n9VkKQYE/getUpdates "HTTP/1.1 200 OK"
2026-04-01 21:54:00,445 - httpx - INFO - HTTP Request: POST https://api.telegram.org/bot8592906266:AAGA326kDs1pNXbVRWbwtWxIUR3n9VkKQYE/getUpdates "HTTP/1.1 200 OK"
2026-04-01 21:54:10,724 - httpx - INFO - HTTP Request: POST https://api.telegram.org/bot8592906266:AAGA326kDs1pNXbVRWbwtWxIUR3n9VkKQYE/getUpdates "HTTP/1.1 200 OK"
2026-04-01 21:54:21,005 - httpx - INFO - HTTP Request: POST https://api.telegram.org/bot8592906266:AAGA326kDs1pNXbVRWbwtWxIUR3n9VkKQYE/getUpdates "HTTP/1.1 200 OK"
2026-04-01 21:54:31,315 - httpx - INFO - HTTP Request: POST https://api.telegram.org/bot8592906266:AAGA326kDs1pNXbVRWbwtWxIUR3n9VkKQYE/getUpdates "HTTP/1.1 200 OK"
2026-04-01 21:54:41,618 - httpx - INFO - HTTP Request: POST https://api.telegram.org/bot8592906266:AAGA326kDs1pNXbVRWbwtWxIUR3n9VkKQYE/getUpdates "HTTP/1.1 200 OK"
2026-04-01 21:54:51,956 - httpx - INFO - HTTP Request: POST https://api.telegram.org/bot8592906266:AAGA326kDs1pNXbVRWbwtWxIUR3n9VkKQYE/getUpdates "HTTP/1.1 200 OK"
2026-04-01 21:55:02,236 - httpx - INFO - HTTP Request: POST https://api.telegram.org/bot8592906266:AAGA326kDs1pNXbVRWbwtWxIUR3n9VkKQYE/getUpdates "HTTP/1.1 200 OK"
2026-04-01 21:55:12,505 - httpx - INFO - HTTP Request: POST https://api.telegram.org/bot8592906266:AAGA326kDs1pNXbVRWbwtWxIUR3n9VkKQYE/getUpdates "HTTP/1.1 200 OK"
2026-04-01 21:55:22,784 - httpx - INFO - HTTP Request: POST https://api.telegram.org/bot8592906266:AAGA326kDs1pNXbVRWbwtWxIUR3n9VkKQYE/getUpdates "HTTP/1.1 200 OK"
2026-04-01 21:55:33,064 - httpx - INFO - HTTP Request: POST https://api.telegram.org/bot8592906266:AAGA326kDs1pNXbVRWbwtWxIUR3n9VkKQYE/getUpdates "HTTP/1.1 200 OK"
2026-04-01 21:55:43,335 - httpx - INFO - HTTP Request: POST https://api.telegram.org/bot8592906266:AAGA326kDs1pNXbVRWbwtWxIUR3n9VkKQYE/getUpdates "HTTP/1.1 200 OK"
2026-04-01 21:55:53,605 - httpx - INFO - HTTP Request: POST https://api.telegram.org/bot8592906266:AAGA326kDs1pNXbVRWbwtWxIUR3n9VkKQYE/getUpdates "HTTP/1.1 200 OK"
2026-04-01 21:56:03,895 - httpx - INFO - HTTP Request: POST https://api.telegram.org/bot8592906266:AAGA326kDs1pNXbVRWbwtWxIUR3n9VkKQYE/getUpdates "HTTP/1.1 200 OK"
2026-04-01 21:56:14,165 - httpx - INFO - HTTP Request: POST https://api.telegram.org/bot8592906266:AAGA326kDs1pNXbVRWbwtWxIUR3n9VkKQYE/getUpdates "HTTP/1.1 200 OK"
2026-04-01 21:56:24,435 - httpx - INFO - HTTP Request: POST https://api.telegram.org/bot8592906266:AAGA326kDs1pNXbVRWbwtWxIUR3n9VkKQYE/getUpdates "HTTP/1.1 200 OK"
2026-04-01 21:56:28,695 - httpx - INFO - HTTP Request: POST https://api.telegram.org/bot8592906266:AAGA326kDs1pNXbVRWbwtWxIUR3n9VkKQYE/getUpdates "HTTP/1.1 200 OK"
2026-04-01 21:56:28,697 - __main__ - INFO - 📨 승영(47980209): '자기소개'
2026-04-01 21:56:29,714 - httpx - INFO - HTTP Request: POST https://api.telegram.org/bot8592906266:AAGA326kDs1pNXbVRWbwtWxIUR3n9VkKQYE/sendMessage "HTTP/1.1 200 OK"
2026-04-01 21:56:36,715 - __main__ - INFO - ✅ 응답: 107자, 7.0초
2026-04-01 21:56:37,685 - httpx - INFO - HTTP Request: POST https://api.telegram.org/bot8592906266:AAGA326kDs1pNXbVRWbwtWxIUR3n9VkKQYE/deleteMessage "HTTP/1.1 200 OK"
2026-04-01 21:56:38,146 - httpx - INFO - HTTP Request: POST https://api.telegram.org/bot8592906266:AAGA326kDs1pNXbVRWbwtWxIUR3n9VkKQYE/sendMessage "HTTP/1.1 200 OK"
2026-04-01 21:56:38,147 - __main__ - INFO - 📤 전송 완료: 승영(47980209)
2026-04-01 21:56:38,975 - httpx - INFO - HTTP Request: POST https://api.telegram.org/bot8592906266:AAGA326kDs1pNXbVRWbwtWxIUR3n9VkKQYE/getUpdates "HTTP/1.1 200 OK"
2026-04-01 21:56:48,545 - httpx - INFO - HTTP Request: POST https://api.telegram.org/bot8592906266:AAGA326kDs1pNXbVRWbwtWxIUR3n9VkKQYE/getUpdates "HTTP/1.1 200 OK"
2026-04-01 21:56:48,547 - __main__ - INFO - 📨 승영(47980209): '내일 날씨 알려줘'
2026-04-01 21:56:49,555 - httpx - INFO - HTTP Request: POST https://api.telegram.org/bot8592906266:AAGA326kDs1pNXbVRWbwtWxIUR3n9VkKQYE/sendMessage "HTTP/1.1 200 OK"
2026-04-01 21:56:58,814 - httpx - INFO - HTTP Request: POST https://api.telegram.org/bot8592906266:AAGA326kDs1pNXbVRWbwtWxIUR3n9VkKQYE/getUpdates "HTTP/1.1 200 OK"
2026-04-01 21:57:09,085 - httpx - INFO - HTTP Request: POST https://api.telegram.org/bot8592906266:AAGA326kDs1pNXbVRWbwtWxIUR3n9VkKQYE/getUpdates "HTTP/1.1 200 OK"
2026-04-01 21:57:19,201 - __main__ - INFO - ✅ 응답: 102자, 29.6초
2026-04-01 21:57:19,355 - httpx - INFO - HTTP Request: POST https://api.telegram.org/bot8592906266:AAGA326kDs1pNXbVRWbwtWxIUR3n9VkKQYE/getUpdates "HTTP/1.1 200 OK"
2026-04-01 21:57:20,155 - httpx - INFO - HTTP Request: POST https://api.telegram.org/bot8592906266:AAGA326kDs1pNXbVRWbwtWxIUR3n9VkKQYE/deleteMessage "HTTP/1.1 200 OK"
2026-04-01 21:57:20,615 - httpx - INFO - HTTP Request: POST https://api.telegram.org/bot8592906266:AAGA326kDs1pNXbVRWbwtWxIUR3n9VkKQYE/sendMessage "HTTP/1.1 200 OK"
2026-04-01 21:57:20,617 - __main__ - INFO - 📤 전송 완료: 승영(47980209)
2026-04-01 21:57:29,635 - httpx - INFO - HTTP Request: POST https://api.telegram.org/bot8592906266:AAGA326kDs1pNXbVRWbwtWxIUR3n9VkKQYE/getUpdates "HTTP/1.1 200 OK"
2026-04-01 21:57:39,906 - httpx - INFO - HTTP Request: POST https://api.telegram.org/bot8592906266:AAGA326kDs1pNXbVRWbwtWxIUR3n9VkKQYE/getUpdates "HTTP/1.1 200 OK"
2026-04-01 21:57:50,179 - httpx - INFO - HTTP Request: POST https://api.telegram.org/bot8592906266:AAGA326kDs1pNXbVRWbwtWxIUR3n9VkKQYE/getUpdates "HTTP/1.1 200 OK"
2026-04-01 21:58:00,456 - httpx - INFO - HTTP Request: POST https://api.telegram.org/bot8592906266:AAGA326kDs1pNXbVRWbwtWxIUR3n9VkKQYE/getUpdates "HTTP/1.1 200 OK"
2026-04-01 21:58:02,636 - httpx - INFO - HTTP Request: POST https://api.telegram.org/bot8592906266:AAGA326kDs1pNXbVRWbwtWxIUR3n9VkKQYE/getUpdates "HTTP/1.1 200 OK"
2026-04-01 21:58:02,638 - __main__ - INFO - 📨 승영(47980209): '오늘 코스피 주가는 어떘어?'
2026-04-01 21:58:03,675 - httpx - INFO - HTTP Request: POST https://api.telegram.org/bot8592906266:AAGA326kDs1pNXbVRWbwtWxIUR3n9VkKQYE/sendMessage "HTTP/1.1 200 OK"
2026-04-01 21:58:12,915 - httpx - INFO - HTTP Request: POST https://api.telegram.org/bot8592906266:AAGA326kDs1pNXbVRWbwtWxIUR3n9VkKQYE/getUpdates "HTTP/1.1 200 OK"
2026-04-01 21:58:15,532 - __main__ - INFO - ✅ 응답: 23자, 11.9초
2026-04-01 21:58:16,506 - httpx - INFO - HTTP Request: POST https://api.telegram.org/bot8592906266:AAGA326kDs1pNXbVRWbwtWxIUR3n9VkKQYE/deleteMessage "HTTP/1.1 200 OK"
2026-04-01 21:58:16,965 - httpx - INFO - HTTP Request: POST https://api.telegram.org/bot8592906266:AAGA326kDs1pNXbVRWbwtWxIUR3n9VkKQYE/sendMessage "HTTP/1.1 200 OK"
2026-04-01 21:58:16,967 - __main__ - INFO - 📤 전송 완료: 승영(47980209)
2026-04-01 21:58:23,186 - httpx - INFO - HTTP Request: POST https://api.telegram.org/bot8592906266:AAGA326kDs1pNXbVRWbwtWxIUR3n9VkKQYE/getUpdates "HTTP/1.1 200 OK"
2026-04-01 21:58:29,936 - httpx - INFO - HTTP Request: POST https://api.telegram.org/bot8592906266:AAGA326kDs1pNXbVRWbwtWxIUR3n9VkKQYE/getUpdates "HTTP/1.1 200 OK"
2026-04-01 21:58:29,938 - __main__ - INFO - 📨 승영(47980209): '너가 잘할수 있는 일은 모야>'
2026-04-01 21:58:30,976 - httpx - INFO - HTTP Request: POST https://api.telegram.org/bot8592906266:AAGA326kDs1pNXbVRWbwtWxIUR3n9VkKQYE/sendMessage "HTTP/1.1 200 OK"
2026-04-01 21:58:40,306 - httpx - INFO - HTTP Request: POST https://api.telegram.org/bot8592906266:AAGA326kDs1pNXbVRWbwtWxIUR3n9VkKQYE/getUpdates "HTTP/1.1 200 OK"
2026-04-01 21:58:50,655 - httpx - INFO - HTTP Request: POST https://api.telegram.org/bot8592906266:AAGA326kDs1pNXbVRWbwtWxIUR3n9VkKQYE/getUpdates "HTTP/1.1 200 OK"
2026-04-01 21:59:00,986 - httpx - INFO - HTTP Request: POST https://api.telegram.org/bot8592906266:AAGA326kDs1pNXbVRWbwtWxIUR3n9VkKQYE/getUpdates "HTTP/1.1 200 OK"
2026-04-01 21:59:11,255 - httpx - INFO - HTTP Request: POST https://api.telegram.org/bot8592906266:AAGA326kDs1pNXbVRWbwtWxIUR3n9VkKQYE/getUpdates "HTTP/1.1 200 OK"
2026-04-01 21:59:21,606 - httpx - INFO - HTTP Request: POST https://api.telegram.org/bot8592906266:AAGA326kDs1pNXbVRWbwtWxIUR3n9VkKQYE/getUpdates "HTTP/1.1 200 OK"
2026-04-01 21:59:29,216 - __main__ - INFO - ✅ 응답: 294자, 58.2초
2026-04-01 21:59:30,226 - httpx - INFO - HTTP Request: POST https://api.telegram.org/bot8592906266:AAGA326kDs1pNXbVRWbwtWxIUR3n9VkKQYE/deleteMessage "HTTP/1.1 200 OK"
2026-04-01 21:59:30,699 - httpx - INFO - HTTP Request: POST https://api.telegram.org/bot8592906266:AAGA326kDs1pNXbVRWbwtWxIUR3n9VkKQYE/sendMessage "HTTP/1.1 200 OK"
2026-04-01 21:59:30,701 - __main__ - INFO - 📤 전송 완료: 승영(47980209)
2026-04-01 21:59:31,877 - httpx - INFO - HTTP Request: POST https://api.telegram.org/bot8592906266:AAGA326kDs1pNXbVRWbwtWxIUR3n9VkKQYE/getUpdates "HTTP/1.1 200 OK"
2026-04-01 21:59:42,157 - httpx - INFO - HTTP Request: POST https://api.telegram.org/bot8592906266:AAGA326kDs1pNXbVRWbwtWxIUR3n9VkKQYE/getUpdates "HTTP/1.1 200 OK"
2026-04-01 21:59:52,507 - httpx - INFO - HTTP Request: POST https://api.telegram.org/bot8592906266:AAGA326kDs1pNXbVRWbwtWxIUR3n9VkKQYE/getUpdates "HTTP/1.1 200 OK"
2026-04-01 21:59:54,527 - httpx - INFO - HTTP Request: POST https://api.telegram.org/bot8592906266:AAGA326kDs1pNXbVRWbwtWxIUR3n9VkKQYE/getUpdates "HTTP/1.1 200 OK"
2026-04-01 21:59:54,528 - __main__ - INFO - 📨 승영(47980209): '너의 토큰 속도 측정해줘'
2026-04-01 21:59:55,559 - httpx - INFO - HTTP Request: POST https://api.telegram.org/bot8592906266:AAGA326kDs1pNXbVRWbwtWxIUR3n9VkKQYE/sendMessage "HTTP/1.1 200 OK"
2026-04-01 22:00:02,347 - __main__ - INFO - ✅ 응답: 144자, 6.8초
2026-04-01 22:00:03,427 - httpx - INFO - HTTP Request: POST https://api.telegram.org/bot8592906266:AAGA326kDs1pNXbVRWbwtWxIUR3n9VkKQYE/deleteMessage "HTTP/1.1 200 OK"
2026-04-01 22:00:03,892 - httpx - INFO - HTTP Request: POST https://api.telegram.org/bot8592906266:AAGA326kDs1pNXbVRWbwtWxIUR3n9VkKQYE/sendMessage "HTTP/1.1 200 OK"
2026-04-01 22:00:03,893 - __main__ - INFO - 📤 전송 완료: 승영(47980209)
2026-04-01 22:00:04,817 - httpx - INFO - HTTP Request: POST https://api.telegram.org/bot8592906266:AAGA326kDs1pNXbVRWbwtWxIUR3n9VkKQYE/getUpdates "HTTP/1.1 200 OK"
2026-04-01 22:00:15,097 - httpx - INFO - HTTP Request: POST https://api.telegram.org/bot8592906266:AAGA326kDs1pNXbVRWbwtWxIUR3n9VkKQYE/getUpdates "HTTP/1.1 200 OK"
2026-04-01 22:00:25,377 - httpx - INFO - HTTP Request: POST https://api.telegram.org/bot8592906266:AAGA326kDs1pNXbVRWbwtWxIUR3n9VkKQYE/getUpdates "HTTP/1.1 200 OK"
2026-04-01 22:00:35,657 - httpx - INFO - HTTP Request: POST https://api.telegram.org/bot8592906266:AAGA326kDs1pNXbVRWbwtWxIUR3n9VkKQYE/getUpdates "HTTP/1.1 200 OK"
2026-04-01 22:00:45,927 - httpx - INFO - HTTP Request: POST https://api.telegram.org/bot8592906266:AAGA326kDs1pNXbVRWbwtWxIUR3n9VkKQYE/getUpdates "HTTP/1.1 200 OK"
2026-04-01 22:00:56,198 - httpx - INFO - HTTP Request: POST https://api.telegram.org/bot8592906266:AAGA326kDs1pNXbVRWbwtWxIUR3n9VkKQYE/getUpdates "HTTP/1.1 200 OK"
2026-04-01 22:01:06,468 - httpx - INFO - HTTP Request: POST https://api.telegram.org/bot8592906266:AAGA326kDs1pNXbVRWbwtWxIUR3n9VkKQYE/getUpdates "HTTP/1.1 200 OK"
2026-04-01 22:01:16,737 - httpx - INFO - HTTP Request: POST https://api.telegram.org/bot8592906266:AAGA326kDs1pNXbVRWbwtWxIUR3n9VkKQYE/getUpdates "HTTP/1.1 200 OK"
2026-04-01 22:01:27,007 - httpx - INFO - HTTP Request: POST https://api.telegram.org/bot8592906266:AAGA326kDs1pNXbVRWbwtWxIUR3n9VkKQYE/getUpdates "HTTP/1.1 200 OK"
2026-04-01 22:01:37,276 - httpx - INFO - HTTP Request: POST https://api.telegram.org/bot8592906266:AAGA326kDs1pNXbVRWbwtWxIUR3n9VkKQYE/getUpdates "HTTP/1.1 200 OK"
2026-04-01 22:01:47,554 - httpx - INFO - HTTP Request: POST https://api.telegram.org/bot8592906266:AAGA326kDs1pNXbVRWbwtWxIUR3n9VkKQYE/getUpdates "HTTP/1.1 200 OK"
2026-04-01 22:01:58,080 - httpx - INFO - HTTP Request: POST https://api.telegram.org/bot8592906266:AAGA326kDs1pNXbVRWbwtWxIUR3n9VkKQYE/getUpdates "HTTP/1.1 200 OK"
2026-04-01 22:02:08,358 - httpx - INFO - HTTP Request: POST https://api.telegram.org/bot8592906266:AAGA326kDs1pNXbVRWbwtWxIUR3n9VkKQYE/getUpdates "HTTP/1.1 200 OK"
2026-04-01 22:02:18,638 - httpx - INFO - HTTP Request: POST https://api.telegram.org/bot8592906266:AAGA326kDs1pNXbVRWbwtWxIUR3n9VkKQYE/getUpdates "HTTP/1.1 200 OK"
2026-04-01 22:02:28,908 - httpx - INFO - HTTP Request: POST https://api.telegram.org/bot8592906266:AAGA326kDs1pNXbVRWbwtWxIUR3n9VkKQYE/getUpdates "HTTP/1.1 200 OK"
2026-04-01 22:02:39,178 - httpx - INFO - HTTP Request: POST https://api.telegram.org/bot8592906266:AAGA326kDs1pNXbVRWbwtWxIUR3n9VkKQYE/getUpdates "HTTP/1.1 200 OK"
2026-04-01 22:02:49,488 - httpx - INFO - HTTP Request: POST https://api.telegram.org/bot8592906266:AAGA326kDs1pNXbVRWbwtWxIUR3n9VkKQYE/getUpdates "HTTP/1.1 200 OK"
2026-04-01 22:02:59,798 - httpx - INFO - HTTP Request: POST https://api.telegram.org/bot8592906266:AAGA326kDs1pNXbVRWbwtWxIUR3n9VkKQYE/getUpdates "HTTP/1.1 200 OK"
2026-04-01 22:03:10,078 - httpx - INFO - HTTP Request: POST https://api.telegram.org/bot8592906266:AAGA326kDs1pNXbVRWbwtWxIUR3n9VkKQYE/getUpdates "HTTP/1.1 200 OK"
2026-04-01 22:03:20,358 - httpx - INFO - HTTP Request: POST https://api.telegram.org/bot8592906266:AAGA326kDs1pNXbVRWbwtWxIUR3n9VkKQYE/getUpdates "HTTP/1.1 200 OK"
2026-04-01 22:03:30,627 - httpx - INFO - HTTP Request: POST https://api.telegram.org/bot8592906266:AAGA326kDs1pNXbVRWbwtWxIUR3n9VkKQYE/getUpdates "HTTP/1.1 200 OK"
2026-04-01 22:03:40,908 - httpx - INFO - HTTP Request: POST https://api.telegram.org/bot8592906266:AAGA326kDs1pNXbVRWbwtWxIUR3n9VkKQYE/getUpdates "HTTP/1.1 200 OK"
2026-04-01 22:03:51,178 - httpx - INFO - HTTP Request: POST https://api.telegram.org/bot8592906266:AAGA326kDs1pNXbVRWbwtWxIUR3n9VkKQYE/getUpdates "HTTP/1.1 200 OK"
2026-04-01 22:04:01,458 - httpx - INFO - HTTP Request: POST https://api.telegram.org/bot8592906266:AAGA326kDs1pNXbVRWbwtWxIUR3n9VkKQYE/getUpdates "HTTP/1.1 200 OK"
2026-04-01 22:04:11,729 - httpx - INFO - HTTP Request: POST https://api.telegram.org/bot8592906266:AAGA326kDs1pNXbVRWbwtWxIUR3n9VkKQYE/getUpdates "HTTP/1.1 200 OK"
2026-04-01 22:04:22,008 - httpx - INFO - HTTP Request: POST https://api.telegram.org/bot8592906266:AAGA326kDs1pNXbVRWbwtWxIUR3n9VkKQYE/getUpdates "HTTP/1.1 200 OK"
2026-04-01 22:04:32,407 - httpx - INFO - HTTP Request: POST https://api.telegram.org/bot8592906266:AAGA326kDs1pNXbVRWbwtWxIUR3n9VkKQYE/getUpdates "HTTP/1.1 200 OK"
2026-04-01 22:04:42,688 - httpx - INFO - HTTP Request: POST https://api.telegram.org/bot8592906266:AAGA326kDs1pNXbVRWbwtWxIUR3n9VkKQYE/getUpdates "HTTP/1.1 200 OK"
2026-04-01 22:04:52,968 - httpx - INFO - HTTP Request: POST https://api.telegram.org/bot8592906266:AAGA326kDs1pNXbVRWbwtWxIUR3n9VkKQYE/getUpdates "HTTP/1.1 200 OK"
2026-04-01 22:05:03,237 - httpx - INFO - HTTP Request: POST https://api.telegram.org/bot8592906266:AAGA326kDs1pNXbVRWbwtWxIUR3n9VkKQYE/getUpdates "HTTP/1.1 200 OK"
2026-04-01 22:05:13,508 - httpx - INFO - HTTP Request: POST https://api.telegram.org/bot8592906266:AAGA326kDs1pNXbVRWbwtWxIUR3n9VkKQYE/getUpdates "HTTP/1.1 200 OK"
2026-04-01 22:05:23,778 - httpx - INFO - HTTP Request: POST https://api.telegram.org/bot8592906266:AAGA326kDs1pNXbVRWbwtWxIUR3n9VkKQYE/getUpdates "HTTP/1.1 200 OK"
2026-04-01 22:05:34,059 - httpx - INFO - HTTP Request: POST https://api.telegram.org/bot8592906266:AAGA326kDs1pNXbVRWbwtWxIUR3n9VkKQYE/getUpdates "HTTP/1.1 200 OK"
2026-04-01 22:05:44,338 - httpx - INFO - HTTP Request: POST https://api.telegram.org/bot8592906266:AAGA326kDs1pNXbVRWbwtWxIUR3n9VkKQYE/getUpdates "HTTP/1.1 200 OK"
2026-04-01 22:05:54,698 - httpx - INFO - HTTP Request: POST https://api.telegram.org/bot8592906266:AAGA326kDs1pNXbVRWbwtWxIUR3n9VkKQYE/getUpdates "HTTP/1.1 200 OK"
2026-04-01 22:06:04,969 - httpx - INFO - HTTP Request: POST https://api.telegram.org/bot8592906266:AAGA326kDs1pNXbVRWbwtWxIUR3n9VkKQYE/getUpdates "HTTP/1.1 200 OK"
2026-04-01 22:06:15,251 - httpx - INFO - HTTP Request: POST https://api.telegram.org/bot8592906266:AAGA326kDs1pNXbVRWbwtWxIUR3n9VkKQYE/getUpdates "HTTP/1.1 200 OK"
2026-04-01 22:06:16,550 - httpx - INFO - HTTP Request: POST https://api.telegram.org/bot8592906266:AAGA326kDs1pNXbVRWbwtWxIUR3n9VkKQYE/getUpdates "HTTP/1.1 200 OK"
2026-04-01 22:06:16,552 - __main__ - INFO - 📨 승영(47980209): '지금 너랑 올라마가 둘다 실행 중이야?'
2026-04-01 22:06:17,774 - httpx - INFO - HTTP Request: POST https://api.telegram.org/bot8592906266:AAGA326kDs1pNXbVRWbwtWxIUR3n9VkKQYE/sendMessage "HTTP/1.1 200 OK"
2026-04-01 22:06:20,027 - __main__ - INFO - ✅ 응답: 65자, 2.3초
2026-04-01 22:06:20,468 - httpx - INFO - HTTP Request: POST https://api.telegram.org/bot8592906266:AAGA326kDs1pNXbVRWbwtWxIUR3n9VkKQYE/deleteMessage "HTTP/1.1 200 OK"
2026-04-01 22:06:20,938 - httpx - INFO - HTTP Request: POST https://api.telegram.org/bot8592906266:AAGA326kDs1pNXbVRWbwtWxIUR3n9VkKQYE/sendMessage "HTTP/1.1 200 OK"
2026-04-01 22:06:20,940 - __main__ - INFO - 📤 전송 완료: 승영(47980209)
2026-04-01 22:06:26,838 - httpx - INFO - HTTP Request: POST https://api.telegram.org/bot8592906266:AAGA326kDs1pNXbVRWbwtWxIUR3n9VkKQYE/getUpdates "HTTP/1.1 200 OK"
2026-04-01 22:06:37,118 - httpx - INFO - HTTP Request: POST https://api.telegram.org/bot8592906266:AAGA326kDs1pNXbVRWbwtWxIUR3n9VkKQYE/getUpdates "HTTP/1.1 200 OK"
2026-04-01 22:06:45,808 - httpx - INFO - HTTP Request: POST https://api.telegram.org/bot8592906266:AAGA326kDs1pNXbVRWbwtWxIUR3n9VkKQYE/getUpdates "HTTP/1.1 200 OK"
2026-04-01 22:06:45,811 - __main__ - INFO - 📨 승영(47980209): '아침 리포트도 만들어 줄수 있어?'
2026-04-01 22:06:46,878 - httpx - INFO - HTTP Request: POST https://api.telegram.org/bot8592906266:AAGA326kDs1pNXbVRWbwtWxIUR3n9VkKQYE/sendMessage "HTTP/1.1 200 OK"
2026-04-01 22:06:56,117 - httpx - INFO - HTTP Request: POST https://api.telegram.org/bot8592906266:AAGA326kDs1pNXbVRWbwtWxIUR3n9VkKQYE/getUpdates "HTTP/1.1 200 OK"
2026-04-01 22:06:56,731 - __main__ - INFO - ✅ 응답: 439자, 9.9초
2026-04-01 22:06:57,768 - httpx - INFO - HTTP Request: POST https://api.telegram.org/bot8592906266:AAGA326kDs1pNXbVRWbwtWxIUR3n9VkKQYE/deleteMessage "HTTP/1.1 200 OK"
2026-04-01 22:06:58,238 - httpx - INFO - HTTP Request: POST https://api.telegram.org/bot8592906266:AAGA326kDs1pNXbVRWbwtWxIUR3n9VkKQYE/sendMessage "HTTP/1.1 200 OK"
2026-04-01 22:06:58,240 - __main__ - INFO - 📤 전송 완료: 승영(47980209)
2026-04-01 22:07:06,387 - httpx - INFO - HTTP Request: POST https://api.telegram.org/bot8592906266:AAGA326kDs1pNXbVRWbwtWxIUR3n9VkKQYE/getUpdates "HTTP/1.1 200 OK"
2026-04-01 22:07:16,658 - httpx - INFO - HTTP Request: POST https://api.telegram.org/bot8592906266:AAGA326kDs1pNXbVRWbwtWxIUR3n9VkKQYE/getUpdates "HTTP/1.1 200 OK"
2026-04-01 22:07:26,938 - httpx - INFO - HTTP Request: POST https://api.telegram.org/bot8592906266:AAGA326kDs1pNXbVRWbwtWxIUR3n9VkKQYE/getUpdates "HTTP/1.1 200 OK"
2026-04-01 22:07:37,348 - httpx - INFO - HTTP Request: POST https://api.telegram.org/bot8592906266:AAGA326kDs1pNXbVRWbwtWxIUR3n9VkKQYE/getUpdates "HTTP/1.1 200 OK"
2026-04-01 22:07:47,658 - httpx - INFO - HTTP Request: POST https://api.telegram.org/bot8592906266:AAGA326kDs1pNXbVRWbwtWxIUR3n9VkKQYE/getUpdates "HTTP/1.1 200 OK"
2026-04-01 22:07:57,938 - httpx - INFO - HTTP Request: POST https://api.telegram.org/bot8592906266:AAGA326kDs1pNXbVRWbwtWxIUR3n9VkKQYE/getUpdates "HTTP/1.1 200 OK"
2026-04-01 22:08:08,218 - httpx - INFO - HTTP Request: POST https://api.telegram.org/bot8592906266:AAGA326kDs1pNXbVRWbwtWxIUR3n9VkKQYE/getUpdates "HTTP/1.1 200 OK"
2026-04-01 22:08:18,568 - httpx - INFO - HTTP Request: POST https://api.telegram.org/bot8592906266:AAGA326kDs1pNXbVRWbwtWxIUR3n9VkKQYE/getUpdates "HTTP/1.1 200 OK"
2026-04-01 22:08:28,838 - httpx - INFO - HTTP Request: POST https://api.telegram.org/bot8592906266:AAGA326kDs1pNXbVRWbwtWxIUR3n9VkKQYE/getUpdates "HTTP/1.1 200 OK"
2026-04-01 22:08:39,108 - httpx - INFO - HTTP Request: POST https://api.telegram.org/bot8592906266:AAGA326kDs1pNXbVRWbwtWxIUR3n9VkKQYE/getUpdates "HTTP/1.1 200 OK"
2026-04-01 22:08:49,388 - httpx - INFO - HTTP Request: POST https://api.telegram.org/bot8592906266:AAGA326kDs1pNXbVRWbwtWxIUR3n9VkKQYE/getUpdates "HTTP/1.1 200 OK"
2026-04-01 22:08:59,677 - httpx - INFO - HTTP Request: POST https://api.telegram.org/bot8592906266:AAGA326kDs1pNXbVRWbwtWxIUR3n9VkKQYE/getUpdates "HTTP/1.1 200 OK"
2026-04-01 22:09:10,078 - httpx - INFO - HTTP Request: POST https://api.telegram.org/bot8592906266:AAGA326kDs1pNXbVRWbwtWxIUR3n9VkKQYE/getUpdates "HTTP/1.1 200 OK"
2026-04-01 22:09:20,358 - httpx - INFO - HTTP Request: POST https://api.telegram.org/bot8592906266:AAGA326kDs1pNXbVRWbwtWxIUR3n9VkKQYE/getUpdates "HTTP/1.1 200 OK"
2026-04-01 22:09:30,658 - httpx - INFO - HTTP Request: POST https://api.telegram.org/bot8592906266:AAGA326kDs1pNXbVRWbwtWxIUR3n9VkKQYE/getUpdates "HTTP/1.1 200 OK"
2026-04-01 22:09:41,528 - httpx - INFO - HTTP Request: POST https://api.telegram.org/bot8592906266:AAGA326kDs1pNXbVRWbwtWxIUR3n9VkKQYE/getUpdates "HTTP/1.1 200 OK"
2026-04-01 22:09:51,818 - httpx - INFO - HTTP Request: POST https://api.telegram.org/bot8592906266:AAGA326kDs1pNXbVRWbwtWxIUR3n9VkKQYE/getUpdates "HTTP/1.1 200 OK"
2026-04-01 22:10:02,108 - httpx - INFO - HTTP Request: POST https://api.telegram.org/bot8592906266:AAGA326kDs1pNXbVRWbwtWxIUR3n9VkKQYE/getUpdates "HTTP/1.1 200 OK"
2026-04-01 22:10:12,398 - httpx - INFO - HTTP Request: POST https://api.telegram.org/bot8592906266:AAGA326kDs1pNXbVRWbwtWxIUR3n9VkKQYE/getUpdates "HTTP/1.1 200 OK"
2026-04-01 22:10:22,678 - httpx - INFO - HTTP Request: POST https://api.telegram.org/bot8592906266:AAGA326kDs1pNXbVRWbwtWxIUR3n9VkKQYE/getUpdates "HTTP/1.1 200 OK"
2026-04-01 22:10:32,958 - httpx - INFO - HTTP Request: POST https://api.telegram.org/bot8592906266:AAGA326kDs1pNXbVRWbwtWxIUR3n9VkKQYE/getUpdates "HTTP/1.1 200 OK"
2026-04-01 22:10:43,238 - httpx - INFO - HTTP Request: POST https://api.telegram.org/bot8592906266:AAGA326kDs1pNXbVRWbwtWxIUR3n9VkKQYE/getUpdates "HTTP/1.1 200 OK"
2026-04-01 22:10:53,518 - httpx - INFO - HTTP Request: POST https://api.telegram.org/bot8592906266:AAGA326kDs1pNXbVRWbwtWxIUR3n9VkKQYE/getUpdates "HTTP/1.1 200 OK"
2026-04-01 22:11:03,807 - httpx - INFO - HTTP Request: POST https://api.telegram.org/bot8592906266:AAGA326kDs1pNXbVRWbwtWxIUR3n9VkKQYE/getUpdates "HTTP/1.1 200 OK"
2026-04-01 22:11:14,088 - httpx - INFO - HTTP Request: POST https://api.telegram.org/bot8592906266:AAGA326kDs1pNXbVRWbwtWxIUR3n9VkKQYE/getUpdates "HTTP/1.1 200 OK"
2026-04-01 22:11:24,369 - httpx - INFO - HTTP Request: POST https://api.telegram.org/bot8592906266:AAGA326kDs1pNXbVRWbwtWxIUR3n9VkKQYE/getUpdates "HTTP/1.1 200 OK"
2026-04-01 22:11:34,658 - httpx - INFO - HTTP Request: POST https://api.telegram.org/bot8592906266:AAGA326kDs1pNXbVRWbwtWxIUR3n9VkKQYE/getUpdates "HTTP/1.1 200 OK"
2026-04-01 22:11:44,949 - httpx - INFO - HTTP Request: POST https://api.telegram.org/bot8592906266:AAGA326kDs1pNXbVRWbwtWxIUR3n9VkKQYE/getUpdates "HTTP/1.1 200 OK"
2026-04-01 22:11:55,248 - httpx - INFO - HTTP Request: POST https://api.telegram.org/bot8592906266:AAGA326kDs1pNXbVRWbwtWxIUR3n9VkKQYE/getUpdates "HTTP/1.1 200 OK"
2026-04-01 22:12:05,588 - httpx - INFO - HTTP Request: POST https://api.telegram.org/bot8592906266:AAGA326kDs1pNXbVRWbwtWxIUR3n9VkKQYE/getUpdates "HTTP/1.1 200 OK"
2026-04-01 22:12:15,870 - httpx - INFO - HTTP Request: POST https://api.telegram.org/bot8592906266:AAGA326kDs1pNXbVRWbwtWxIUR3n9VkKQYE/getUpdates "HTTP/1.1 200 OK"
2026-04-01 22:12:26,159 - httpx - INFO - HTTP Request: POST https://api.telegram.org/bot8592906266:AAGA326kDs1pNXbVRWbwtWxIUR3n9VkKQYE/getUpdates "HTTP/1.1 200 OK"
2026-04-01 22:12:36,449 - httpx - INFO - HTTP Request: POST https://api.telegram.org/bot8592906266:AAGA326kDs1pNXbVRWbwtWxIUR3n9VkKQYE/getUpdates "HTTP/1.1 200 OK"
2026-04-01 22:12:46,750 - httpx - INFO - HTTP Request: POST https://api.telegram.org/bot8592906266:AAGA326kDs1pNXbVRWbwtWxIUR3n9VkKQYE/getUpdates "HTTP/1.1 200 OK"
2026-04-01 22:12:57,099 - httpx - INFO - HTTP Request: POST https://api.telegram.org/bot8592906266:AAGA326kDs1pNXbVRWbwtWxIUR3n9VkKQYE/getUpdates "HTTP/1.1 200 OK"
2026-04-01 22:13:07,399 - httpx - INFO - HTTP Request: POST https://api.telegram.org/bot8592906266:AAGA326kDs1pNXbVRWbwtWxIUR3n9VkKQYE/getUpdates "HTTP/1.1 200 OK"
2026-04-01 22:13:17,689 - httpx - INFO - HTTP Request: POST https://api.telegram.org/bot8592906266:AAGA326kDs1pNXbVRWbwtWxIUR3n9VkKQYE/getUpdates "HTTP/1.1 200 OK"
2026-04-01 22:13:27,979 - httpx - INFO - HTTP Request: POST https://api.telegram.org/bot8592906266:AAGA326kDs1pNXbVRWbwtWxIUR3n9VkKQYE/getUpdates "HTTP/1.1 200 OK"
2026-04-01 22:13:38,269 - httpx - INFO - HTTP Request: POST https://api.telegram.org/bot8592906266:AAGA326kDs1pNXbVRWbwtWxIUR3n9VkKQYE/getUpdates "HTTP/1.1 200 OK"
2026-04-01 22:13:48,569 - httpx - INFO - HTTP Request: POST https://api.telegram.org/bot8592906266:AAGA326kDs1pNXbVRWbwtWxIUR3n9VkKQYE/getUpdates "HTTP/1.1 200 OK"
2026-04-01 22:13:58,850 - httpx - INFO - HTTP Request: POST https://api.telegram.org/bot8592906266:AAGA326kDs1pNXbVRWbwtWxIUR3n9VkKQYE/getUpdates "HTTP/1.1 200 OK"
2026-04-01 22:14:09,134 - httpx - INFO - HTTP Request: POST https://api.telegram.org/bot8592906266:AAGA326kDs1pNXbVRWbwtWxIUR3n9VkKQYE/getUpdates "HTTP/1.1 200 OK"
2026-04-01 22:14:19,420 - httpx - INFO - HTTP Request: POST https://api.telegram.org/bot8592906266:AAGA326kDs1pNXbVRWbwtWxIUR3n9VkKQYE/getUpdates "HTTP/1.1 200 OK"
2026-04-01 22:14:29,710 - httpx - INFO - HTTP Request: POST https://api.telegram.org/bot8592906266:AAGA326kDs1pNXbVRWbwtWxIUR3n9VkKQYE/getUpdates "HTTP/1.1 200 OK"
2026-04-01 22:14:40,010 - httpx - INFO - HTTP Request: POST https://api.telegram.org/bot8592906266:AAGA326kDs1pNXbVRWbwtWxIUR3n9VkKQYE/getUpdates "HTTP/1.1 200 OK"
2026-04-01 22:14:50,300 - httpx - INFO - HTTP Request: POST https://api.telegram.org/bot8592906266:AAGA326kDs1pNXbVRWbwtWxIUR3n9VkKQYE/getUpdates "HTTP/1.1 200 OK"
2026-04-01 22:15:00,590 - httpx - INFO - HTTP Request: POST https://api.telegram.org/bot8592906266:AAGA326kDs1pNXbVRWbwtWxIUR3n9VkKQYE/getUpdates "HTTP/1.1 200 OK"
2026-04-01 22:15:10,880 - httpx - INFO - HTTP Request: POST https://api.telegram.org/bot8592906266:AAGA326kDs1pNXbVRWbwtWxIUR3n9VkKQYE/getUpdates "HTTP/1.1 200 OK"
2026-04-01 22:15:21,170 - httpx - INFO - HTTP Request: POST https://api.telegram.org/bot8592906266:AAGA326kDs1pNXbVRWbwtWxIUR3n9VkKQYE/getUpdates "HTTP/1.1 200 OK"
2026-04-01 22:15:31,480 - httpx - INFO - HTTP Request: POST https://api.telegram.org/bot8592906266:AAGA326kDs1pNXbVRWbwtWxIUR3n9VkKQYE/getUpdates "HTTP/1.1 200 OK"
2026-04-01 22:15:41,760 - httpx - INFO - HTTP Request: POST https://api.telegram.org/bot8592906266:AAGA326kDs1pNXbVRWbwtWxIUR3n9VkKQYE/getUpdates "HTTP/1.1 200 OK"
2026-04-01 22:15:52,040 - httpx - INFO - HTTP Request: POST https://api.telegram.org/bot8592906266:AAGA326kDs1pNXbVRWbwtWxIUR3n9VkKQYE/getUpdates "HTTP/1.1 200 OK"
2026-04-01 22:16:02,320 - httpx - INFO - HTTP Request: POST https://api.telegram.org/bot8592906266:AAGA326kDs1pNXbVRWbwtWxIUR3n9VkKQYE/getUpdates "HTTP/1.1 200 OK"
2026-04-01 22:16:12,620 - httpx - INFO - HTTP Request: POST https://api.telegram.org/bot8592906266:AAGA326kDs1pNXbVRWbwtWxIUR3n9VkKQYE/getUpdates "HTTP/1.1 200 OK"
2026-04-01 22:16:22,901 - httpx - INFO - HTTP Request: POST https://api.telegram.org/bot8592906266:AAGA326kDs1pNXbVRWbwtWxIUR3n9VkKQYE/getUpdates "HTTP/1.1 200 OK"
2026-04-01 22:16:33,191 - httpx - INFO - HTTP Request: POST https://api.telegram.org/bot8592906266:AAGA326kDs1pNXbVRWbwtWxIUR3n9VkKQYE/getUpdates "HTTP/1.1 200 OK"
2026-04-01 22:16:43,480 - httpx - INFO - HTTP Request: POST https://api.telegram.org/bot8592906266:AAGA326kDs1pNXbVRWbwtWxIUR3n9VkKQYE/getUpdates "HTTP/1.1 200 OK"
2026-04-01 22:16:53,771 - httpx - INFO - HTTP Request: POST https://api.telegram.org/bot8592906266:AAGA326kDs1pNXbVRWbwtWxIUR3n9VkKQYE/getUpdates "HTTP/1.1 200 OK"
2026-04-01 22:17:04,581 - httpx - INFO - HTTP Request: POST https://api.telegram.org/bot8592906266:AAGA326kDs1pNXbVRWbwtWxIUR3n9VkKQYE/getUpdates "HTTP/1.1 200 OK"
2026-04-01 22:17:14,941 - httpx - INFO - HTTP Request: POST https://api.telegram.org/bot8592906266:AAGA326kDs1pNXbVRWbwtWxIUR3n9VkKQYE/getUpdates "HTTP/1.1 200 OK"
2026-04-01 22:17:25,231 - httpx - INFO - HTTP Request: POST https://api.telegram.org/bot8592906266:AAGA326kDs1pNXbVRWbwtWxIUR3n9VkKQYE/getUpdates "HTTP/1.1 200 OK"
2026-04-01 22:17:35,511 - httpx - INFO - HTTP Request: POST https://api.telegram.org/bot8592906266:AAGA326kDs1pNXbVRWbwtWxIUR3n9VkKQYE/getUpdates "HTTP/1.1 200 OK"
2026-04-01 22:17:46,351 - httpx - INFO - HTTP Request: POST https://api.telegram.org/bot8592906266:AAGA326kDs1pNXbVRWbwtWxIUR3n9VkKQYE/getUpdates "HTTP/1.1 200 OK"
2026-04-01 22:17:56,631 - httpx - INFO - HTTP Request: POST https://api.telegram.org/bot8592906266:AAGA326kDs1pNXbVRWbwtWxIUR3n9VkKQYE/getUpdates "HTTP/1.1 200 OK"
2026-04-01 22:18:06,912 - httpx - INFO - HTTP Request: POST https://api.telegram.org/bot8592906266:AAGA326kDs1pNXbVRWbwtWxIUR3n9VkKQYE/getUpdates "HTTP/1.1 200 OK"
2026-04-01 22:18:17,201 - httpx - INFO - HTTP Request: POST https://api.telegram.org/bot8592906266:AAGA326kDs1pNXbVRWbwtWxIUR3n9VkKQYE/getUpdates "HTTP/1.1 200 OK"
2026-04-01 22:18:27,492 - httpx - INFO - HTTP Request: POST https://api.telegram.org/bot8592906266:AAGA326kDs1pNXbVRWbwtWxIUR3n9VkKQYE/getUpdates "HTTP/1.1 200 OK"
2026-04-01 22:18:37,772 - httpx - INFO - HTTP Request: POST https://api.telegram.org/bot8592906266:AAGA326kDs1pNXbVRWbwtWxIUR3n9VkKQYE/getUpdates "HTTP/1.1 200 OK"
2026-04-01 22:18:48,062 - httpx - INFO - HTTP Request: POST https://api.telegram.org/bot8592906266:AAGA326kDs1pNXbVRWbwtWxIUR3n9VkKQYE/getUpdates "HTTP/1.1 200 OK"
2026-04-01 22:18:58,352 - httpx - INFO - HTTP Request: POST https://api.telegram.org/bot8592906266:AAGA326kDs1pNXbVRWbwtWxIUR3n9VkKQYE/getUpdates "HTTP/1.1 200 OK"
2026-04-01 22:19:08,642 - httpx - INFO - HTTP Request: POST https://api.telegram.org/bot8592906266:AAGA326kDs1pNXbVRWbwtWxIUR3n9VkKQYE/getUpdates "HTTP/1.1 200 OK"
2026-04-01 22:19:18,934 - httpx - INFO - HTTP Request: POST https://api.telegram.org/bot8592906266:AAGA326kDs1pNXbVRWbwtWxIUR3n9VkKQYE/getUpdates "HTTP/1.1 200 OK"
2026-04-01 22:19:29,220 - httpx - INFO - HTTP Request: POST https://api.telegram.org/bot8592906266:AAGA326kDs1pNXbVRWbwtWxIUR3n9VkKQYE/getUpdates "HTTP/1.1 200 OK"
2026-04-01 22:19:39,498 - httpx - INFO - HTTP Request: POST https://api.telegram.org/bot8592906266:AAGA326kDs1pNXbVRWbwtWxIUR3n9VkKQYE/getUpdates "HTTP/1.1 200 OK"
2026-04-01 22:19:49,787 - httpx - INFO - HTTP Request: POST https://api.telegram.org/bot8592906266:AAGA326kDs1pNXbVRWbwtWxIUR3n9VkKQYE/getUpdates "HTTP/1.1 200 OK"
2026-04-01 22:20:00,071 - httpx - INFO - HTTP Request: POST https://api.telegram.org/bot8592906266:AAGA326kDs1pNXbVRWbwtWxIUR3n9VkKQYE/getUpdates "HTTP/1.1 200 OK"
2026-04-01 22:20:10,447 - httpx - INFO - HTTP Request: POST https://api.telegram.org/bot8592906266:AAGA326kDs1pNXbVRWbwtWxIUR3n9VkKQYE/getUpdates "HTTP/1.1 200 OK"
2026-04-01 22:20:20,737 - httpx - INFO - HTTP Request: POST https://api.telegram.org/bot8592906266:AAGA326kDs1pNXbVRWbwtWxIUR3n9VkKQYE/getUpdates "HTTP/1.1 200 OK"
2026-04-01 22:20:31,028 - httpx - INFO - HTTP Request: POST https://api.telegram.org/bot8592906266:AAGA326kDs1pNXbVRWbwtWxIUR3n9VkKQYE/getUpdates "HTTP/1.1 200 OK"
2026-04-01 22:20:41,379 - httpx - INFO - HTTP Request: POST https://api.telegram.org/bot8592906266:AAGA326kDs1pNXbVRWbwtWxIUR3n9VkKQYE/getUpdates "HTTP/1.1 200 OK"
2026-04-01 22:20:51,667 - httpx - INFO - HTTP Request: POST https://api.telegram.org/bot8592906266:AAGA326kDs1pNXbVRWbwtWxIUR3n9VkKQYE/getUpdates "HTTP/1.1 200 OK"
2026-04-01 22:21:01,957 - httpx - INFO - HTTP Request: POST https://api.telegram.org/bot8592906266:AAGA326kDs1pNXbVRWbwtWxIUR3n9VkKQYE/getUpdates "HTTP/1.1 200 OK"
2026-04-01 22:21:12,248 - httpx - INFO - HTTP Request: POST https://api.telegram.org/bot8592906266:AAGA326kDs1pNXbVRWbwtWxIUR3n9VkKQYE/getUpdates "HTTP/1.1 200 OK"
2026-04-01 22:21:22,537 - httpx - INFO - HTTP Request: POST https://api.telegram.org/bot8592906266:AAGA326kDs1pNXbVRWbwtWxIUR3n9VkKQYE/getUpdates "HTTP/1.1 200 OK"
2026-04-01 22:21:32,908 - httpx - INFO - HTTP Request: POST https://api.telegram.org/bot8592906266:AAGA326kDs1pNXbVRWbwtWxIUR3n9VkKQYE/getUpdates "HTTP/1.1 200 OK"
2026-04-01 22:21:43,198 - httpx - INFO - HTTP Request: POST https://api.telegram.org/bot8592906266:AAGA326kDs1pNXbVRWbwtWxIUR3n9VkKQYE/getUpdates "HTTP/1.1 200 OK"
2026-04-01 22:21:53,488 - httpx - INFO - HTTP Request: POST https://api.telegram.org/bot8592906266:AAGA326kDs1pNXbVRWbwtWxIUR3n9VkKQYE/getUpdates "HTTP/1.1 200 OK"
2026-04-01 22:22:03,777 - httpx - INFO - HTTP Request: POST https://api.telegram.org/bot8592906266:AAGA326kDs1pNXbVRWbwtWxIUR3n9VkKQYE/getUpdates "HTTP/1.1 200 OK"
2026-04-01 22:22:14,088 - httpx - INFO - HTTP Request: POST https://api.telegram.org/bot8592906266:AAGA326kDs1pNXbVRWbwtWxIUR3n9VkKQYE/getUpdates "HTTP/1.1 200 OK"
2026-04-01 22:22:24,387 - httpx - INFO - HTTP Request: POST https://api.telegram.org/bot8592906266:AAGA326kDs1pNXbVRWbwtWxIUR3n9VkKQYE/getUpdates "HTTP/1.1 200 OK"
2026-04-01 22:22:34,678 - httpx - INFO - HTTP Request: POST https://api.telegram.org/bot8592906266:AAGA326kDs1pNXbVRWbwtWxIUR3n9VkKQYE/getUpdates "HTTP/1.1 200 OK"
2026-04-01 22:22:44,971 - httpx - INFO - HTTP Request: POST https://api.telegram.org/bot8592906266:AAGA326kDs1pNXbVRWbwtWxIUR3n9VkKQYE/getUpdates "HTTP/1.1 200 OK"
2026-04-01 22:22:55,316 - httpx - INFO - HTTP Request: POST https://api.telegram.org/bot8592906266:AAGA326kDs1pNXbVRWbwtWxIUR3n9VkKQYE/getUpdates "HTTP/1.1 200 OK"
2026-04-01 22:23:05,598 - httpx - INFO - HTTP Request: POST https://api.telegram.org/bot8592906266:AAGA326kDs1pNXbVRWbwtWxIUR3n9VkKQYE/getUpdates "HTTP/1.1 200 OK"
2026-04-01 22:23:15,887 - httpx - INFO - HTTP Request: POST https://api.telegram.org/bot8592906266:AAGA326kDs1pNXbVRWbwtWxIUR3n9VkKQYE/getUpdates "HTTP/1.1 200 OK"
2026-04-01 22:23:26,177 - httpx - INFO - HTTP Request: POST https://api.telegram.org/bot8592906266:AAGA326kDs1pNXbVRWbwtWxIUR3n9VkKQYE/getUpdates "HTTP/1.1 200 OK"
2026-04-01 22:23:36,457 - httpx - INFO - HTTP Request: POST https://api.telegram.org/bot8592906266:AAGA326kDs1pNXbVRWbwtWxIUR3n9VkKQYE/getUpdates "HTTP/1.1 200 OK"
2026-04-01 22:23:46,798 - httpx - INFO - HTTP Request: POST https://api.telegram.org/bot8592906266:AAGA326kDs1pNXbVRWbwtWxIUR3n9VkKQYE/getUpdates "HTTP/1.1 200 OK"
2026-04-01 22:23:57,137 - httpx - INFO - HTTP Request: POST https://api.telegram.org/bot8592906266:AAGA326kDs1pNXbVRWbwtWxIUR3n9VkKQYE/getUpdates "HTTP/1.1 200 OK"
2026-04-01 22:24:07,437 - httpx - INFO - HTTP Request: POST https://api.telegram.org/bot8592906266:AAGA326kDs1pNXbVRWbwtWxIUR3n9VkKQYE/getUpdates "HTTP/1.1 200 OK"
2026-04-01 22:24:17,728 - httpx - INFO - HTTP Request: POST https://api.telegram.org/bot8592906266:AAGA326kDs1pNXbVRWbwtWxIUR3n9VkKQYE/getUpdates "HTTP/1.1 200 OK"
2026-04-01 22:24:28,007 - httpx - INFO - HTTP Request: POST https://api.telegram.org/bot8592906266:AAGA326kDs1pNXbVRWbwtWxIUR3n9VkKQYE/getUpdates "HTTP/1.1 200 OK"
2026-04-01 22:24:38,287 - httpx - INFO - HTTP Request: POST https://api.telegram.org/bot8592906266:AAGA326kDs1pNXbVRWbwtWxIUR3n9VkKQYE/getUpdates "HTTP/1.1 200 OK"
2026-04-01 22:24:48,678 - httpx - INFO - HTTP Request: POST https://api.telegram.org/bot8592906266:AAGA326kDs1pNXbVRWbwtWxIUR3n9VkKQYE/getUpdates "HTTP/1.1 200 OK"
2026-04-01 22:24:58,958 - httpx - INFO - HTTP Request: POST https://api.telegram.org/bot8592906266:AAGA326kDs1pNXbVRWbwtWxIUR3n9VkKQYE/getUpdates "HTTP/1.1 200 OK"
2026-04-01 22:25:09,247 - httpx - INFO - HTTP Request: POST https://api.telegram.org/bot8592906266:AAGA326kDs1pNXbVRWbwtWxIUR3n9VkKQYE/getUpdates "HTTP/1.1 200 OK"
2026-04-01 22:25:19,528 - httpx - INFO - HTTP Request: POST https://api.telegram.org/bot8592906266:AAGA326kDs1pNXbVRWbwtWxIUR3n9VkKQYE/getUpdates "HTTP/1.1 200 OK"
2026-04-01 22:25:29,807 - httpx - INFO - HTTP Request: POST https://api.telegram.org/bot8592906266:AAGA326kDs1pNXbVRWbwtWxIUR3n9VkKQYE/getUpdates "HTTP/1.1 200 OK"
2026-04-01 22:25:40,117 - httpx - INFO - HTTP Request: POST https://api.telegram.org/bot8592906266:AAGA326kDs1pNXbVRWbwtWxIUR3n9VkKQYE/getUpdates "HTTP/1.1 200 OK"
2026-04-01 22:25:50,418 - httpx - INFO - HTTP Request: POST https://api.telegram.org/bot8592906266:AAGA326kDs1pNXbVRWbwtWxIUR3n9VkKQYE/getUpdates "HTTP/1.1 200 OK"
2026-04-01 22:26:00,768 - httpx - INFO - HTTP Request: POST https://api.telegram.org/bot8592906266:AAGA326kDs1pNXbVRWbwtWxIUR3n9VkKQYE/getUpdates "HTTP/1.1 200 OK"
2026-04-01 22:26:11,074 - httpx - INFO - HTTP Request: POST https://api.telegram.org/bot8592906266:AAGA326kDs1pNXbVRWbwtWxIUR3n9VkKQYE/getUpdates "HTTP/1.1 200 OK"
2026-04-01 22:26:21,358 - httpx - INFO - HTTP Request: POST https://api.telegram.org/bot8592906266:AAGA326kDs1pNXbVRWbwtWxIUR3n9VkKQYE/getUpdates "HTTP/1.1 200 OK"
2026-04-01 22:26:31,688 - httpx - INFO - HTTP Request: POST https://api.telegram.org/bot8592906266:AAGA326kDs1pNXbVRWbwtWxIUR3n9VkKQYE/getUpdates "HTTP/1.1 200 OK"
2026-04-01 22:26:41,978 - httpx - INFO - HTTP Request: POST https://api.telegram.org/bot8592906266:AAGA326kDs1pNXbVRWbwtWxIUR3n9VkKQYE/getUpdates "HTTP/1.1 200 OK"
2026-04-01 22:26:52,778 - httpx - INFO - HTTP Request: POST https://api.telegram.org/bot8592906266:AAGA326kDs1pNXbVRWbwtWxIUR3n9VkKQYE/getUpdates "HTTP/1.1 200 OK"
2026-04-01 22:27:03,128 - httpx - INFO - HTTP Request: POST https://api.telegram.org/bot8592906266:AAGA326kDs1pNXbVRWbwtWxIUR3n9VkKQYE/getUpdates "HTTP/1.1 200 OK"
2026-04-01 22:27:13,398 - httpx - INFO - HTTP Request: POST https://api.telegram.org/bot8592906266:AAGA326kDs1pNXbVRWbwtWxIUR3n9VkKQYE/getUpdates "HTTP/1.1 200 OK"
2026-04-01 22:27:23,668 - httpx - INFO - HTTP Request: POST https://api.telegram.org/bot8592906266:AAGA326kDs1pNXbVRWbwtWxIUR3n9VkKQYE/getUpdates "HTTP/1.1 200 OK"
2026-04-01 22:27:33,938 - httpx - INFO - HTTP Request: POST https://api.telegram.org/bot8592906266:AAGA326kDs1pNXbVRWbwtWxIUR3n9VkKQYE/getUpdates "HTTP/1.1 200 OK"
2026-04-01 22:27:44,209 - httpx - INFO - HTTP Request: POST https://api.telegram.org/bot8592906266:AAGA326kDs1pNXbVRWbwtWxIUR3n9VkKQYE/getUpdates "HTTP/1.1 200 OK"
2026-04-01 22:27:54,529 - httpx - INFO - HTTP Request: POST https://api.telegram.org/bot8592906266:AAGA326kDs1pNXbVRWbwtWxIUR3n9VkKQYE/getUpdates "HTTP/1.1 200 OK"
2026-04-01 22:28:04,870 - httpx - INFO - HTTP Request: POST https://api.telegram.org/bot8592906266:AAGA326kDs1pNXbVRWbwtWxIUR3n9VkKQYE/getUpdates "HTTP/1.1 200 OK"
2026-04-01 22:28:15,149 - httpx - INFO - HTTP Request: POST https://api.telegram.org/bot8592906266:AAGA326kDs1pNXbVRWbwtWxIUR3n9VkKQYE/getUpdates "HTTP/1.1 200 OK"
2026-04-01 22:28:25,459 - httpx - INFO - HTTP Request: POST https://api.telegram.org/bot8592906266:AAGA326kDs1pNXbVRWbwtWxIUR3n9VkKQYE/getUpdates "HTTP/1.1 200 OK"
