2026-04-01 20:40:16,766 - httpx - INFO - HTTP Request: POST https://api.telegram.org/bot8592906266:AAGA326kDs1pNXbVRWbwtWxIUR3n9VkKQYE/getMe "HTTP/1.1 200 OK"
2026-04-01 20:40:17,025 - httpx - INFO - HTTP Request: POST https://api.telegram.org/bot8592906266:AAGA326kDs1pNXbVRWbwtWxIUR3n9VkKQYE/deleteWebhook "HTTP/1.1 200 OK"
2026-04-01 20:40:17,029 - telegram.ext.Application - INFO - Application started
2026-04-01 20:40:17,886 - httpx - INFO - HTTP Request: POST https://api.telegram.org/bot8592906266:AAGA326kDs1pNXbVRWbwtWxIUR3n9VkKQYE/getUpdates "HTTP/1.1 200 OK"
2026-04-01 20:40:17,889 - __main__ - INFO - 📨 메시지 수신: 승영(47980209) - '자기소개...'
2026-04-01 20:40:18,355 - httpx - INFO - HTTP Request: POST https://api.telegram.org/bot8592906266:AAGA326kDs1pNXbVRWbwtWxIUR3n9VkKQYE/sendMessage "HTTP/1.1 200 OK"
2026-04-01 20:40:18,357 - __main__ - INFO - 🔗 MLX 서버 쿼리 시작: '자기소개...'
2026-04-01 20:40:27,113 - __main__ - INFO - ✅ MLX 서버 응답 받음: 853자
2026-04-01 20:40:28,126 - httpx - INFO - HTTP Request: POST https://api.telegram.org/bot8592906266:AAGA326kDs1pNXbVRWbwtWxIUR3n9VkKQYE/deleteMessage "HTTP/1.1 200 OK"
2026-04-01 20:40:28,165 - httpx - INFO - HTTP Request: POST https://api.telegram.org/bot8592906266:AAGA326kDs1pNXbVRWbwtWxIUR3n9VkKQYE/getUpdates "HTTP/1.1 200 OK"
2026-04-01 20:40:28,947 - httpx - INFO - HTTP Request: POST https://api.telegram.org/bot8592906266:AAGA326kDs1pNXbVRWbwtWxIUR3n9VkKQYE/sendMessage "HTTP/1.1 200 OK"
2026-04-01 20:40:28,950 - __main__ - INFO - 📤 응답 전송 완료: 승영(47980209)
2026-04-01 20:40:38,435 - httpx - INFO - HTTP Request: POST https://api.telegram.org/bot8592906266:AAGA326kDs1pNXbVRWbwtWxIUR3n9VkKQYE/getUpdates "HTTP/1.1 200 OK"
2026-04-01 20:40:48,715 - httpx - INFO - HTTP Request: POST https://api.telegram.org/bot8592906266:AAGA326kDs1pNXbVRWbwtWxIUR3n9VkKQYE/getUpdates "HTTP/1.1 200 OK"
2026-04-01 20:40:58,995 - httpx - INFO - HTTP Request: POST https://api.telegram.org/bot8592906266:AAGA326kDs1pNXbVRWbwtWxIUR3n9VkKQYE/getUpdates "HTTP/1.1 200 OK"
2026-04-01 20:41:09,275 - httpx - INFO - HTTP Request: POST https://api.telegram.org/bot8592906266:AAGA326kDs1pNXbVRWbwtWxIUR3n9VkKQYE/getUpdates "HTTP/1.1 200 OK"
2026-04-01 20:41:19,635 - httpx - INFO - HTTP Request: POST https://api.telegram.org/bot8592906266:AAGA326kDs1pNXbVRWbwtWxIUR3n9VkKQYE/getUpdates "HTTP/1.1 200 OK"
2026-04-01 20:41:29,915 - httpx - INFO - HTTP Request: POST https://api.telegram.org/bot8592906266:AAGA326kDs1pNXbVRWbwtWxIUR3n9VkKQYE/getUpdates "HTTP/1.1 200 OK"
2026-04-01 20:41:40,205 - httpx - INFO - HTTP Request: POST https://api.telegram.org/bot8592906266:AAGA326kDs1pNXbVRWbwtWxIUR3n9VkKQYE/getUpdates "HTTP/1.1 200 OK"
2026-04-01 20:41:50,476 - httpx - INFO - HTTP Request: POST https://api.telegram.org/bot8592906266:AAGA326kDs1pNXbVRWbwtWxIUR3n9VkKQYE/getUpdates "HTTP/1.1 200 OK"
2026-04-01 20:42:00,745 - httpx - INFO - HTTP Request: POST https://api.telegram.org/bot8592906266:AAGA326kDs1pNXbVRWbwtWxIUR3n9VkKQYE/getUpdates "HTTP/1.1 200 OK"
2026-04-01 20:42:11,027 - httpx - INFO - HTTP Request: POST https://api.telegram.org/bot8592906266:AAGA326kDs1pNXbVRWbwtWxIUR3n9VkKQYE/getUpdates "HTTP/1.1 200 OK"
2026-04-01 20:42:21,305 - httpx - INFO - HTTP Request: POST https://api.telegram.org/bot8592906266:AAGA326kDs1pNXbVRWbwtWxIUR3n9VkKQYE/getUpdates "HTTP/1.1 200 OK"
2026-04-01 20:42:31,596 - httpx - INFO - HTTP Request: POST https://api.telegram.org/bot8592906266:AAGA326kDs1pNXbVRWbwtWxIUR3n9VkKQYE/getUpdates "HTTP/1.1 200 OK"
2026-04-01 20:42:41,965 - httpx - INFO - HTTP Request: POST https://api.telegram.org/bot8592906266:AAGA326kDs1pNXbVRWbwtWxIUR3n9VkKQYE/getUpdates "HTTP/1.1 200 OK"
2026-04-01 20:42:52,245 - httpx - INFO - HTTP Request: POST https://api.telegram.org/bot8592906266:AAGA326kDs1pNXbVRWbwtWxIUR3n9VkKQYE/getUpdates "HTTP/1.1 200 OK"
2026-04-01 20:43:02,515 - httpx - INFO - HTTP Request: POST https://api.telegram.org/bot8592906266:AAGA326kDs1pNXbVRWbwtWxIUR3n9VkKQYE/getUpdates "HTTP/1.1 200 OK"
2026-04-01 20:43:12,896 - httpx - INFO - HTTP Request: POST https://api.telegram.org/bot8592906266:AAGA326kDs1pNXbVRWbwtWxIUR3n9VkKQYE/getUpdates "HTTP/1.1 200 OK"
2026-04-01 20:43:23,206 - httpx - INFO - HTTP Request: POST https://api.telegram.org/bot8592906266:AAGA326kDs1pNXbVRWbwtWxIUR3n9VkKQYE/getUpdates "HTTP/1.1 200 OK"
2026-04-01 20:43:33,575 - httpx - INFO - HTTP Request: POST https://api.telegram.org/bot8592906266:AAGA326kDs1pNXbVRWbwtWxIUR3n9VkKQYE/getUpdates "HTTP/1.1 200 OK"
2026-04-01 20:43:43,906 - httpx - INFO - HTTP Request: POST https://api.telegram.org/bot8592906266:AAGA326kDs1pNXbVRWbwtWxIUR3n9VkKQYE/getUpdates "HTTP/1.1 200 OK"
2026-04-01 20:43:54,224 - httpx - INFO - HTTP Request: POST https://api.telegram.org/bot8592906266:AAGA326kDs1pNXbVRWbwtWxIUR3n9VkKQYE/getUpdates "HTTP/1.1 200 OK"
2026-04-01 20:44:04,494 - httpx - INFO - HTTP Request: POST https://api.telegram.org/bot8592906266:AAGA326kDs1pNXbVRWbwtWxIUR3n9VkKQYE/getUpdates "HTTP/1.1 200 OK"
2026-04-01 20:44:14,774 - httpx - INFO - HTTP Request: POST https://api.telegram.org/bot8592906266:AAGA326kDs1pNXbVRWbwtWxIUR3n9VkKQYE/getUpdates "HTTP/1.1 200 OK"
2026-04-01 20:44:25,085 - httpx - INFO - HTTP Request: POST https://api.telegram.org/bot8592906266:AAGA326kDs1pNXbVRWbwtWxIUR3n9VkKQYE/getUpdates "HTTP/1.1 200 OK"
2026-04-01 20:44:35,354 - httpx - INFO - HTTP Request: POST https://api.telegram.org/bot8592906266:AAGA326kDs1pNXbVRWbwtWxIUR3n9VkKQYE/getUpdates "HTTP/1.1 200 OK"
2026-04-01 20:44:45,665 - httpx - INFO - HTTP Request: POST https://api.telegram.org/bot8592906266:AAGA326kDs1pNXbVRWbwtWxIUR3n9VkKQYE/getUpdates "HTTP/1.1 200 OK"
2026-04-01 20:44:56,005 - httpx - INFO - HTTP Request: POST https://api.telegram.org/bot8592906266:AAGA326kDs1pNXbVRWbwtWxIUR3n9VkKQYE/getUpdates "HTTP/1.1 200 OK"
2026-04-01 20:45:06,284 - httpx - INFO - HTTP Request: POST https://api.telegram.org/bot8592906266:AAGA326kDs1pNXbVRWbwtWxIUR3n9VkKQYE/getUpdates "HTTP/1.1 200 OK"
2026-04-01 20:45:16,565 - httpx - INFO - HTTP Request: POST https://api.telegram.org/bot8592906266:AAGA326kDs1pNXbVRWbwtWxIUR3n9VkKQYE/getUpdates "HTTP/1.1 200 OK"
2026-04-01 20:45:26,845 - httpx - INFO - HTTP Request: POST https://api.telegram.org/bot8592906266:AAGA326kDs1pNXbVRWbwtWxIUR3n9VkKQYE/getUpdates "HTTP/1.1 200 OK"
2026-04-01 20:45:37,175 - httpx - INFO - HTTP Request: POST https://api.telegram.org/bot8592906266:AAGA326kDs1pNXbVRWbwtWxIUR3n9VkKQYE/getUpdates "HTTP/1.1 200 OK"
2026-04-01 20:45:47,455 - httpx - INFO - HTTP Request: POST https://api.telegram.org/bot8592906266:AAGA326kDs1pNXbVRWbwtWxIUR3n9VkKQYE/getUpdates "HTTP/1.1 200 OK"
2026-04-01 20:45:57,724 - httpx - INFO - HTTP Request: POST https://api.telegram.org/bot8592906266:AAGA326kDs1pNXbVRWbwtWxIUR3n9VkKQYE/getUpdates "HTTP/1.1 200 OK"
2026-04-01 20:46:08,005 - httpx - INFO - HTTP Request: POST https://api.telegram.org/bot8592906266:AAGA326kDs1pNXbVRWbwtWxIUR3n9VkKQYE/getUpdates "HTTP/1.1 200 OK"
2026-04-01 20:46:18,294 - httpx - INFO - HTTP Request: POST https://api.telegram.org/bot8592906266:AAGA326kDs1pNXbVRWbwtWxIUR3n9VkKQYE/getUpdates "HTTP/1.1 200 OK"
2026-04-01 20:46:28,564 - httpx - INFO - HTTP Request: POST https://api.telegram.org/bot8592906266:AAGA326kDs1pNXbVRWbwtWxIUR3n9VkKQYE/getUpdates "HTTP/1.1 200 OK"
2026-04-01 20:46:38,844 - httpx - INFO - HTTP Request: POST https://api.telegram.org/bot8592906266:AAGA326kDs1pNXbVRWbwtWxIUR3n9VkKQYE/getUpdates "HTTP/1.1 200 OK"
2026-04-01 20:46:49,124 - httpx - INFO - HTTP Request: POST https://api.telegram.org/bot8592906266:AAGA326kDs1pNXbVRWbwtWxIUR3n9VkKQYE/getUpdates "HTTP/1.1 200 OK"
2026-04-01 20:46:59,395 - httpx - INFO - HTTP Request: POST https://api.telegram.org/bot8592906266:AAGA326kDs1pNXbVRWbwtWxIUR3n9VkKQYE/getUpdates "HTTP/1.1 200 OK"
2026-04-01 20:47:09,665 - httpx - INFO - HTTP Request: POST https://api.telegram.org/bot8592906266:AAGA326kDs1pNXbVRWbwtWxIUR3n9VkKQYE/getUpdates "HTTP/1.1 200 OK"
2026-04-01 20:47:19,966 - httpx - INFO - HTTP Request: POST https://api.telegram.org/bot8592906266:AAGA326kDs1pNXbVRWbwtWxIUR3n9VkKQYE/getUpdates "HTTP/1.1 200 OK"
2026-04-01 20:47:30,425 - httpx - INFO - HTTP Request: POST https://api.telegram.org/bot8592906266:AAGA326kDs1pNXbVRWbwtWxIUR3n9VkKQYE/getUpdates "HTTP/1.1 200 OK"
2026-04-01 20:47:40,724 - httpx - INFO - HTTP Request: POST https://api.telegram.org/bot8592906266:AAGA326kDs1pNXbVRWbwtWxIUR3n9VkKQYE/getUpdates "HTTP/1.1 200 OK"
2026-04-01 20:47:51,004 - httpx - INFO - HTTP Request: POST https://api.telegram.org/bot8592906266:AAGA326kDs1pNXbVRWbwtWxIUR3n9VkKQYE/getUpdates "HTTP/1.1 200 OK"
2026-04-01 20:48:01,284 - httpx - INFO - HTTP Request: POST https://api.telegram.org/bot8592906266:AAGA326kDs1pNXbVRWbwtWxIUR3n9VkKQYE/getUpdates "HTTP/1.1 200 OK"
2026-04-01 20:48:11,565 - httpx - INFO - HTTP Request: POST https://api.telegram.org/bot8592906266:AAGA326kDs1pNXbVRWbwtWxIUR3n9VkKQYE/getUpdates "HTTP/1.1 200 OK"
2026-04-01 20:48:21,844 - httpx - INFO - HTTP Request: POST https://api.telegram.org/bot8592906266:AAGA326kDs1pNXbVRWbwtWxIUR3n9VkKQYE/getUpdates "HTTP/1.1 200 OK"
2026-04-01 20:48:32,174 - httpx - INFO - HTTP Request: POST https://api.telegram.org/bot8592906266:AAGA326kDs1pNXbVRWbwtWxIUR3n9VkKQYE/getUpdates "HTTP/1.1 200 OK"
2026-04-01 20:48:42,444 - httpx - INFO - HTTP Request: POST https://api.telegram.org/bot8592906266:AAGA326kDs1pNXbVRWbwtWxIUR3n9VkKQYE/getUpdates "HTTP/1.1 200 OK"
2026-04-01 20:48:52,714 - httpx - INFO - HTTP Request: POST https://api.telegram.org/bot8592906266:AAGA326kDs1pNXbVRWbwtWxIUR3n9VkKQYE/getUpdates "HTTP/1.1 200 OK"
2026-04-01 20:49:03,004 - httpx - INFO - HTTP Request: POST https://api.telegram.org/bot8592906266:AAGA326kDs1pNXbVRWbwtWxIUR3n9VkKQYE/getUpdates "HTTP/1.1 200 OK"
2026-04-01 20:49:13,274 - httpx - INFO - HTTP Request: POST https://api.telegram.org/bot8592906266:AAGA326kDs1pNXbVRWbwtWxIUR3n9VkKQYE/getUpdates "HTTP/1.1 200 OK"
2026-04-01 20:49:23,554 - httpx - INFO - HTTP Request: POST https://api.telegram.org/bot8592906266:AAGA326kDs1pNXbVRWbwtWxIUR3n9VkKQYE/getUpdates "HTTP/1.1 200 OK"
2026-04-01 20:49:33,924 - httpx - INFO - HTTP Request: POST https://api.telegram.org/bot8592906266:AAGA326kDs1pNXbVRWbwtWxIUR3n9VkKQYE/getUpdates "HTTP/1.1 200 OK"
2026-04-01 20:49:44,234 - httpx - INFO - HTTP Request: POST https://api.telegram.org/bot8592906266:AAGA326kDs1pNXbVRWbwtWxIUR3n9VkKQYE/getUpdates "HTTP/1.1 200 OK"
2026-04-01 20:49:54,514 - httpx - INFO - HTTP Request: POST https://api.telegram.org/bot8592906266:AAGA326kDs1pNXbVRWbwtWxIUR3n9VkKQYE/getUpdates "HTTP/1.1 200 OK"
2026-04-01 20:50:04,793 - httpx - INFO - HTTP Request: POST https://api.telegram.org/bot8592906266:AAGA326kDs1pNXbVRWbwtWxIUR3n9VkKQYE/getUpdates "HTTP/1.1 200 OK"
2026-04-01 20:50:15,084 - httpx - INFO - HTTP Request: POST https://api.telegram.org/bot8592906266:AAGA326kDs1pNXbVRWbwtWxIUR3n9VkKQYE/getUpdates "HTTP/1.1 200 OK"
2026-04-01 20:50:25,423 - httpx - INFO - HTTP Request: POST https://api.telegram.org/bot8592906266:AAGA326kDs1pNXbVRWbwtWxIUR3n9VkKQYE/getUpdates "HTTP/1.1 200 OK"
2026-04-01 20:50:35,693 - httpx - INFO - HTTP Request: POST https://api.telegram.org/bot8592906266:AAGA326kDs1pNXbVRWbwtWxIUR3n9VkKQYE/getUpdates "HTTP/1.1 200 OK"
2026-04-01 20:50:45,975 - httpx - INFO - HTTP Request: POST https://api.telegram.org/bot8592906266:AAGA326kDs1pNXbVRWbwtWxIUR3n9VkKQYE/getUpdates "HTTP/1.1 200 OK"
2026-04-01 20:50:56,263 - httpx - INFO - HTTP Request: POST https://api.telegram.org/bot8592906266:AAGA326kDs1pNXbVRWbwtWxIUR3n9VkKQYE/getUpdates "HTTP/1.1 200 OK"
2026-04-01 20:51:06,533 - httpx - INFO - HTTP Request: POST https://api.telegram.org/bot8592906266:AAGA326kDs1pNXbVRWbwtWxIUR3n9VkKQYE/getUpdates "HTTP/1.1 200 OK"
2026-04-01 20:51:16,823 - httpx - INFO - HTTP Request: POST https://api.telegram.org/bot8592906266:AAGA326kDs1pNXbVRWbwtWxIUR3n9VkKQYE/getUpdates "HTTP/1.1 200 OK"
2026-04-01 20:51:27,093 - httpx - INFO - HTTP Request: POST https://api.telegram.org/bot8592906266:AAGA326kDs1pNXbVRWbwtWxIUR3n9VkKQYE/getUpdates "HTTP/1.1 200 OK"
2026-04-01 20:51:37,365 - httpx - INFO - HTTP Request: POST https://api.telegram.org/bot8592906266:AAGA326kDs1pNXbVRWbwtWxIUR3n9VkKQYE/getUpdates "HTTP/1.1 200 OK"
2026-04-01 20:51:47,644 - httpx - INFO - HTTP Request: POST https://api.telegram.org/bot8592906266:AAGA326kDs1pNXbVRWbwtWxIUR3n9VkKQYE/getUpdates "HTTP/1.1 200 OK"
2026-04-01 20:51:57,914 - httpx - INFO - HTTP Request: POST https://api.telegram.org/bot8592906266:AAGA326kDs1pNXbVRWbwtWxIUR3n9VkKQYE/getUpdates "HTTP/1.1 200 OK"
2026-04-01 20:52:08,235 - httpx - INFO - HTTP Request: POST https://api.telegram.org/bot8592906266:AAGA326kDs1pNXbVRWbwtWxIUR3n9VkKQYE/getUpdates "HTTP/1.1 200 OK"
2026-04-01 20:52:11,805 - httpx - INFO - HTTP Request: POST https://api.telegram.org/bot8592906266:AAGA326kDs1pNXbVRWbwtWxIUR3n9VkKQYE/getUpdates "HTTP/1.1 200 OK"
2026-04-01 20:52:11,808 - __main__ - INFO - 📨 메시지 수신: 승영(47980209) - '웹검색도 가능해? 실시간 정보 검색도 가능해?...'
2026-04-01 20:52:12,826 - httpx - INFO - HTTP Request: POST https://api.telegram.org/bot8592906266:AAGA326kDs1pNXbVRWbwtWxIUR3n9VkKQYE/sendMessage "HTTP/1.1 200 OK"
2026-04-01 20:52:12,828 - __main__ - INFO - 🔗 MLX 서버 쿼리 시작: '웹검색도 가능해? 실시간 정보 검색도 가능해?...'
2026-04-01 20:52:21,557 - __main__ - INFO - ✅ MLX 서버 응답 받음: 926자
2026-04-01 20:52:22,084 - httpx - INFO - HTTP Request: POST https://api.telegram.org/bot8592906266:AAGA326kDs1pNXbVRWbwtWxIUR3n9VkKQYE/getUpdates "HTTP/1.1 200 OK"
2026-04-01 20:52:22,554 - httpx - INFO - HTTP Request: POST https://api.telegram.org/bot8592906266:AAGA326kDs1pNXbVRWbwtWxIUR3n9VkKQYE/deleteMessage "HTTP/1.1 200 OK"
2026-04-01 20:52:23,153 - httpx - INFO - HTTP Request: POST https://api.telegram.org/bot8592906266:AAGA326kDs1pNXbVRWbwtWxIUR3n9VkKQYE/sendMessage "HTTP/1.1 200 OK"
2026-04-01 20:52:23,156 - __main__ - INFO - 📤 응답 전송 완료: 승영(47980209)
2026-04-01 20:52:32,353 - httpx - INFO - HTTP Request: POST https://api.telegram.org/bot8592906266:AAGA326kDs1pNXbVRWbwtWxIUR3n9VkKQYE/getUpdates "HTTP/1.1 200 OK"
2026-04-01 20:52:42,633 - httpx - INFO - HTTP Request: POST https://api.telegram.org/bot8592906266:AAGA326kDs1pNXbVRWbwtWxIUR3n9VkKQYE/getUpdates "HTTP/1.1 200 OK"
2026-04-01 20:52:52,912 - httpx - INFO - HTTP Request: POST https://api.telegram.org/bot8592906266:AAGA326kDs1pNXbVRWbwtWxIUR3n9VkKQYE/getUpdates "HTTP/1.1 200 OK"
2026-04-01 20:52:57,433 - httpx - INFO - HTTP Request: POST https://api.telegram.org/bot8592906266:AAGA326kDs1pNXbVRWbwtWxIUR3n9VkKQYE/getUpdates "HTTP/1.1 200 OK"
2026-04-01 20:53:07,703 - httpx - INFO - HTTP Request: POST https://api.telegram.org/bot8592906266:AAGA326kDs1pNXbVRWbwtWxIUR3n9VkKQYE/getUpdates "HTTP/1.1 200 OK"
2026-04-01 20:53:17,983 - httpx - INFO - HTTP Request: POST https://api.telegram.org/bot8592906266:AAGA326kDs1pNXbVRWbwtWxIUR3n9VkKQYE/getUpdates "HTTP/1.1 200 OK"
2026-04-01 20:53:28,262 - httpx - INFO - HTTP Request: POST https://api.telegram.org/bot8592906266:AAGA326kDs1pNXbVRWbwtWxIUR3n9VkKQYE/getUpdates "HTTP/1.1 200 OK"
2026-04-01 20:53:38,560 - httpx - INFO - HTTP Request: POST https://api.telegram.org/bot8592906266:AAGA326kDs1pNXbVRWbwtWxIUR3n9VkKQYE/getUpdates "HTTP/1.1 200 OK"
2026-04-01 20:53:48,842 - httpx - INFO - HTTP Request: POST https://api.telegram.org/bot8592906266:AAGA326kDs1pNXbVRWbwtWxIUR3n9VkKQYE/getUpdates "HTTP/1.1 200 OK"
2026-04-01 20:53:59,113 - httpx - INFO - HTTP Request: POST https://api.telegram.org/bot8592906266:AAGA326kDs1pNXbVRWbwtWxIUR3n9VkKQYE/getUpdates "HTTP/1.1 200 OK"
2026-04-01 20:54:09,392 - httpx - INFO - HTTP Request: POST https://api.telegram.org/bot8592906266:AAGA326kDs1pNXbVRWbwtWxIUR3n9VkKQYE/getUpdates "HTTP/1.1 200 OK"
2026-04-01 20:54:19,672 - httpx - INFO - HTTP Request: POST https://api.telegram.org/bot8592906266:AAGA326kDs1pNXbVRWbwtWxIUR3n9VkKQYE/getUpdates "HTTP/1.1 200 OK"
2026-04-01 20:54:29,943 - httpx - INFO - HTTP Request: POST https://api.telegram.org/bot8592906266:AAGA326kDs1pNXbVRWbwtWxIUR3n9VkKQYE/getUpdates "HTTP/1.1 200 OK"
2026-04-01 20:54:40,222 - httpx - INFO - HTTP Request: POST https://api.telegram.org/bot8592906266:AAGA326kDs1pNXbVRWbwtWxIUR3n9VkKQYE/getUpdates "HTTP/1.1 200 OK"
2026-04-01 20:54:50,502 - httpx - INFO - HTTP Request: POST https://api.telegram.org/bot8592906266:AAGA326kDs1pNXbVRWbwtWxIUR3n9VkKQYE/getUpdates "HTTP/1.1 200 OK"
2026-04-01 20:55:00,882 - httpx - INFO - HTTP Request: POST https://api.telegram.org/bot8592906266:AAGA326kDs1pNXbVRWbwtWxIUR3n9VkKQYE/getUpdates "HTTP/1.1 200 OK"
2026-04-01 20:55:11,172 - httpx - INFO - HTTP Request: POST https://api.telegram.org/bot8592906266:AAGA326kDs1pNXbVRWbwtWxIUR3n9VkKQYE/getUpdates "HTTP/1.1 200 OK"
2026-04-01 20:55:21,453 - httpx - INFO - HTTP Request: POST https://api.telegram.org/bot8592906266:AAGA326kDs1pNXbVRWbwtWxIUR3n9VkKQYE/getUpdates "HTTP/1.1 200 OK"
2026-04-01 20:55:31,732 - httpx - INFO - HTTP Request: POST https://api.telegram.org/bot8592906266:AAGA326kDs1pNXbVRWbwtWxIUR3n9VkKQYE/getUpdates "HTTP/1.1 200 OK"
2026-04-01 20:55:42,002 - httpx - INFO - HTTP Request: POST https://api.telegram.org/bot8592906266:AAGA326kDs1pNXbVRWbwtWxIUR3n9VkKQYE/getUpdates "HTTP/1.1 200 OK"
2026-04-01 20:55:52,282 - httpx - INFO - HTTP Request: POST https://api.telegram.org/bot8592906266:AAGA326kDs1pNXbVRWbwtWxIUR3n9VkKQYE/getUpdates "HTTP/1.1 200 OK"
2026-04-01 20:56:02,552 - httpx - INFO - HTTP Request: POST https://api.telegram.org/bot8592906266:AAGA326kDs1pNXbVRWbwtWxIUR3n9VkKQYE/getUpdates "HTTP/1.1 200 OK"
2026-04-01 20:56:12,822 - httpx - INFO - HTTP Request: POST https://api.telegram.org/bot8592906266:AAGA326kDs1pNXbVRWbwtWxIUR3n9VkKQYE/getUpdates "HTTP/1.1 200 OK"
2026-04-01 20:56:23,103 - httpx - INFO - HTTP Request: POST https://api.telegram.org/bot8592906266:AAGA326kDs1pNXbVRWbwtWxIUR3n9VkKQYE/getUpdates "HTTP/1.1 200 OK"
2026-04-01 20:56:33,382 - httpx - INFO - HTTP Request: POST https://api.telegram.org/bot8592906266:AAGA326kDs1pNXbVRWbwtWxIUR3n9VkKQYE/getUpdates "HTTP/1.1 200 OK"
2026-04-01 20:56:43,662 - httpx - INFO - HTTP Request: POST https://api.telegram.org/bot8592906266:AAGA326kDs1pNXbVRWbwtWxIUR3n9VkKQYE/getUpdates "HTTP/1.1 200 OK"
2026-04-01 20:56:53,932 - httpx - INFO - HTTP Request: POST https://api.telegram.org/bot8592906266:AAGA326kDs1pNXbVRWbwtWxIUR3n9VkKQYE/getUpdates "HTTP/1.1 200 OK"
2026-04-01 20:57:04,212 - httpx - INFO - HTTP Request: POST https://api.telegram.org/bot8592906266:AAGA326kDs1pNXbVRWbwtWxIUR3n9VkKQYE/getUpdates "HTTP/1.1 200 OK"
2026-04-01 20:57:15,052 - httpx - INFO - HTTP Request: POST https://api.telegram.org/bot8592906266:AAGA326kDs1pNXbVRWbwtWxIUR3n9VkKQYE/getUpdates "HTTP/1.1 200 OK"
2026-04-01 20:57:25,320 - httpx - INFO - HTTP Request: POST https://api.telegram.org/bot8592906266:AAGA326kDs1pNXbVRWbwtWxIUR3n9VkKQYE/getUpdates "HTTP/1.1 200 OK"
2026-04-01 20:57:35,604 - httpx - INFO - HTTP Request: POST https://api.telegram.org/bot8592906266:AAGA326kDs1pNXbVRWbwtWxIUR3n9VkKQYE/getUpdates "HTTP/1.1 200 OK"
2026-04-01 20:57:45,882 - httpx - INFO - HTTP Request: POST https://api.telegram.org/bot8592906266:AAGA326kDs1pNXbVRWbwtWxIUR3n9VkKQYE/getUpdates "HTTP/1.1 200 OK"
2026-04-01 20:57:56,192 - httpx - INFO - HTTP Request: POST https://api.telegram.org/bot8592906266:AAGA326kDs1pNXbVRWbwtWxIUR3n9VkKQYE/getUpdates "HTTP/1.1 200 OK"
2026-04-01 20:58:06,471 - httpx - INFO - HTTP Request: POST https://api.telegram.org/bot8592906266:AAGA326kDs1pNXbVRWbwtWxIUR3n9VkKQYE/getUpdates "HTTP/1.1 200 OK"
2026-04-01 20:58:16,741 - httpx - INFO - HTTP Request: POST https://api.telegram.org/bot8592906266:AAGA326kDs1pNXbVRWbwtWxIUR3n9VkKQYE/getUpdates "HTTP/1.1 200 OK"
2026-04-01 20:58:27,021 - httpx - INFO - HTTP Request: POST https://api.telegram.org/bot8592906266:AAGA326kDs1pNXbVRWbwtWxIUR3n9VkKQYE/getUpdates "HTTP/1.1 200 OK"
2026-04-01 20:58:37,363 - httpx - INFO - HTTP Request: POST https://api.telegram.org/bot8592906266:AAGA326kDs1pNXbVRWbwtWxIUR3n9VkKQYE/getUpdates "HTTP/1.1 200 OK"
2026-04-01 20:58:47,702 - httpx - INFO - HTTP Request: POST https://api.telegram.org/bot8592906266:AAGA326kDs1pNXbVRWbwtWxIUR3n9VkKQYE/getUpdates "HTTP/1.1 200 OK"
2026-04-01 20:58:57,981 - httpx - INFO - HTTP Request: POST https://api.telegram.org/bot8592906266:AAGA326kDs1pNXbVRWbwtWxIUR3n9VkKQYE/getUpdates "HTTP/1.1 200 OK"
2026-04-01 20:59:08,250 - httpx - INFO - HTTP Request: POST https://api.telegram.org/bot8592906266:AAGA326kDs1pNXbVRWbwtWxIUR3n9VkKQYE/getUpdates "HTTP/1.1 200 OK"
2026-04-01 20:59:18,516 - httpx - INFO - HTTP Request: POST https://api.telegram.org/bot8592906266:AAGA326kDs1pNXbVRWbwtWxIUR3n9VkKQYE/getUpdates "HTTP/1.1 200 OK"
2026-04-01 20:59:28,791 - httpx - INFO - HTTP Request: POST https://api.telegram.org/bot8592906266:AAGA326kDs1pNXbVRWbwtWxIUR3n9VkKQYE/getUpdates "HTTP/1.1 200 OK"
2026-04-01 20:59:39,061 - httpx - INFO - HTTP Request: POST https://api.telegram.org/bot8592906266:AAGA326kDs1pNXbVRWbwtWxIUR3n9VkKQYE/getUpdates "HTTP/1.1 200 OK"
2026-04-01 20:59:49,332 - httpx - INFO - HTTP Request: POST https://api.telegram.org/bot8592906266:AAGA326kDs1pNXbVRWbwtWxIUR3n9VkKQYE/getUpdates "HTTP/1.1 200 OK"
2026-04-01 20:59:59,612 - httpx - INFO - HTTP Request: POST https://api.telegram.org/bot8592906266:AAGA326kDs1pNXbVRWbwtWxIUR3n9VkKQYE/getUpdates "HTTP/1.1 200 OK"
2026-04-01 21:00:09,890 - httpx - INFO - HTTP Request: POST https://api.telegram.org/bot8592906266:AAGA326kDs1pNXbVRWbwtWxIUR3n9VkKQYE/getUpdates "HTTP/1.1 200 OK"
2026-04-01 21:00:20,161 - httpx - INFO - HTTP Request: POST https://api.telegram.org/bot8592906266:AAGA326kDs1pNXbVRWbwtWxIUR3n9VkKQYE/getUpdates "HTTP/1.1 200 OK"
2026-04-01 21:00:30,431 - httpx - INFO - HTTP Request: POST https://api.telegram.org/bot8592906266:AAGA326kDs1pNXbVRWbwtWxIUR3n9VkKQYE/getUpdates "HTTP/1.1 200 OK"
2026-04-01 21:00:40,701 - httpx - INFO - HTTP Request: POST https://api.telegram.org/bot8592906266:AAGA326kDs1pNXbVRWbwtWxIUR3n9VkKQYE/getUpdates "HTTP/1.1 200 OK"
2026-04-01 21:00:50,971 - httpx - INFO - HTTP Request: POST https://api.telegram.org/bot8592906266:AAGA326kDs1pNXbVRWbwtWxIUR3n9VkKQYE/getUpdates "HTTP/1.1 200 OK"
2026-04-01 21:01:01,241 - httpx - INFO - HTTP Request: POST https://api.telegram.org/bot8592906266:AAGA326kDs1pNXbVRWbwtWxIUR3n9VkKQYE/getUpdates "HTTP/1.1 200 OK"
2026-04-01 21:01:11,522 - httpx - INFO - HTTP Request: POST https://api.telegram.org/bot8592906266:AAGA326kDs1pNXbVRWbwtWxIUR3n9VkKQYE/getUpdates "HTTP/1.1 200 OK"
2026-04-01 21:01:21,790 - httpx - INFO - HTTP Request: POST https://api.telegram.org/bot8592906266:AAGA326kDs1pNXbVRWbwtWxIUR3n9VkKQYE/getUpdates "HTTP/1.1 200 OK"
2026-04-01 21:01:32,060 - httpx - INFO - HTTP Request: POST https://api.telegram.org/bot8592906266:AAGA326kDs1pNXbVRWbwtWxIUR3n9VkKQYE/getUpdates "HTTP/1.1 200 OK"
2026-04-01 21:01:42,330 - httpx - INFO - HTTP Request: POST https://api.telegram.org/bot8592906266:AAGA326kDs1pNXbVRWbwtWxIUR3n9VkKQYE/getUpdates "HTTP/1.1 200 OK"
2026-04-01 21:01:52,600 - httpx - INFO - HTTP Request: POST https://api.telegram.org/bot8592906266:AAGA326kDs1pNXbVRWbwtWxIUR3n9VkKQYE/getUpdates "HTTP/1.1 200 OK"
2026-04-01 21:02:02,870 - httpx - INFO - HTTP Request: POST https://api.telegram.org/bot8592906266:AAGA326kDs1pNXbVRWbwtWxIUR3n9VkKQYE/getUpdates "HTTP/1.1 200 OK"
2026-04-01 21:02:13,140 - httpx - INFO - HTTP Request: POST https://api.telegram.org/bot8592906266:AAGA326kDs1pNXbVRWbwtWxIUR3n9VkKQYE/getUpdates "HTTP/1.1 200 OK"
2026-04-01 21:02:23,412 - httpx - INFO - HTTP Request: POST https://api.telegram.org/bot8592906266:AAGA326kDs1pNXbVRWbwtWxIUR3n9VkKQYE/getUpdates "HTTP/1.1 200 OK"
2026-04-01 21:02:33,680 - httpx - INFO - HTTP Request: POST https://api.telegram.org/bot8592906266:AAGA326kDs1pNXbVRWbwtWxIUR3n9VkKQYE/getUpdates "HTTP/1.1 200 OK"
2026-04-01 21:02:43,970 - httpx - INFO - HTTP Request: POST https://api.telegram.org/bot8592906266:AAGA326kDs1pNXbVRWbwtWxIUR3n9VkKQYE/getUpdates "HTTP/1.1 200 OK"
2026-04-01 21:02:54,250 - httpx - INFO - HTTP Request: POST https://api.telegram.org/bot8592906266:AAGA326kDs1pNXbVRWbwtWxIUR3n9VkKQYE/getUpdates "HTTP/1.1 200 OK"
2026-04-01 21:03:04,520 - httpx - INFO - HTTP Request: POST https://api.telegram.org/bot8592906266:AAGA326kDs1pNXbVRWbwtWxIUR3n9VkKQYE/getUpdates "HTTP/1.1 200 OK"
2026-04-01 21:03:15,014 - httpx - INFO - HTTP Request: POST https://api.telegram.org/bot8592906266:AAGA326kDs1pNXbVRWbwtWxIUR3n9VkKQYE/getUpdates "HTTP/1.1 200 OK"
2026-04-01 21:03:25,320 - httpx - INFO - HTTP Request: POST https://api.telegram.org/bot8592906266:AAGA326kDs1pNXbVRWbwtWxIUR3n9VkKQYE/getUpdates "HTTP/1.1 200 OK"
2026-04-01 21:03:35,600 - httpx - INFO - HTTP Request: POST https://api.telegram.org/bot8592906266:AAGA326kDs1pNXbVRWbwtWxIUR3n9VkKQYE/getUpdates "HTTP/1.1 200 OK"
2026-04-01 21:03:45,869 - httpx - INFO - HTTP Request: POST https://api.telegram.org/bot8592906266:AAGA326kDs1pNXbVRWbwtWxIUR3n9VkKQYE/getUpdates "HTTP/1.1 200 OK"
2026-04-01 21:03:56,139 - httpx - INFO - HTTP Request: POST https://api.telegram.org/bot8592906266:AAGA326kDs1pNXbVRWbwtWxIUR3n9VkKQYE/getUpdates "HTTP/1.1 200 OK"
2026-04-01 21:04:06,409 - httpx - INFO - HTTP Request: POST https://api.telegram.org/bot8592906266:AAGA326kDs1pNXbVRWbwtWxIUR3n9VkKQYE/getUpdates "HTTP/1.1 200 OK"
2026-04-01 21:04:16,804 - httpx - INFO - HTTP Request: POST https://api.telegram.org/bot8592906266:AAGA326kDs1pNXbVRWbwtWxIUR3n9VkKQYE/getUpdates "HTTP/1.1 200 OK"
2026-04-01 21:04:27,151 - httpx - INFO - HTTP Request: POST https://api.telegram.org/bot8592906266:AAGA326kDs1pNXbVRWbwtWxIUR3n9VkKQYE/getUpdates "HTTP/1.1 200 OK"
2026-04-01 21:04:37,429 - httpx - INFO - HTTP Request: POST https://api.telegram.org/bot8592906266:AAGA326kDs1pNXbVRWbwtWxIUR3n9VkKQYE/getUpdates "HTTP/1.1 200 OK"
2026-04-01 21:04:47,699 - httpx - INFO - HTTP Request: POST https://api.telegram.org/bot8592906266:AAGA326kDs1pNXbVRWbwtWxIUR3n9VkKQYE/getUpdates "HTTP/1.1 200 OK"
2026-04-01 21:04:57,971 - httpx - INFO - HTTP Request: POST https://api.telegram.org/bot8592906266:AAGA326kDs1pNXbVRWbwtWxIUR3n9VkKQYE/getUpdates "HTTP/1.1 200 OK"
2026-04-01 21:05:08,239 - httpx - INFO - HTTP Request: POST https://api.telegram.org/bot8592906266:AAGA326kDs1pNXbVRWbwtWxIUR3n9VkKQYE/getUpdates "HTTP/1.1 200 OK"
2026-04-01 21:05:18,509 - httpx - INFO - HTTP Request: POST https://api.telegram.org/bot8592906266:AAGA326kDs1pNXbVRWbwtWxIUR3n9VkKQYE/getUpdates "HTTP/1.1 200 OK"
2026-04-01 21:05:28,779 - httpx - INFO - HTTP Request: POST https://api.telegram.org/bot8592906266:AAGA326kDs1pNXbVRWbwtWxIUR3n9VkKQYE/getUpdates "HTTP/1.1 200 OK"
2026-04-01 21:05:39,049 - httpx - INFO - HTTP Request: POST https://api.telegram.org/bot8592906266:AAGA326kDs1pNXbVRWbwtWxIUR3n9VkKQYE/getUpdates "HTTP/1.1 200 OK"
2026-04-01 21:05:49,309 - httpx - INFO - HTTP Request: POST https://api.telegram.org/bot8592906266:AAGA326kDs1pNXbVRWbwtWxIUR3n9VkKQYE/getUpdates "HTTP/1.1 200 OK"
2026-04-01 21:05:59,579 - httpx - INFO - HTTP Request: POST https://api.telegram.org/bot8592906266:AAGA326kDs1pNXbVRWbwtWxIUR3n9VkKQYE/getUpdates "HTTP/1.1 200 OK"
2026-04-01 21:06:09,859 - httpx - INFO - HTTP Request: POST https://api.telegram.org/bot8592906266:AAGA326kDs1pNXbVRWbwtWxIUR3n9VkKQYE/getUpdates "HTTP/1.1 200 OK"
2026-04-01 21:06:20,129 - httpx - INFO - HTTP Request: POST https://api.telegram.org/bot8592906266:AAGA326kDs1pNXbVRWbwtWxIUR3n9VkKQYE/getUpdates "HTTP/1.1 200 OK"
2026-04-01 21:06:30,428 - httpx - INFO - HTTP Request: POST https://api.telegram.org/bot8592906266:AAGA326kDs1pNXbVRWbwtWxIUR3n9VkKQYE/getUpdates "HTTP/1.1 200 OK"
2026-04-01 21:06:40,689 - httpx - INFO - HTTP Request: POST https://api.telegram.org/bot8592906266:AAGA326kDs1pNXbVRWbwtWxIUR3n9VkKQYE/getUpdates "HTTP/1.1 200 OK"
2026-04-01 21:06:51,029 - httpx - INFO - HTTP Request: POST https://api.telegram.org/bot8592906266:AAGA326kDs1pNXbVRWbwtWxIUR3n9VkKQYE/getUpdates "HTTP/1.1 200 OK"
2026-04-01 21:07:01,300 - httpx - INFO - HTTP Request: POST https://api.telegram.org/bot8592906266:AAGA326kDs1pNXbVRWbwtWxIUR3n9VkKQYE/getUpdates "HTTP/1.1 200 OK"
2026-04-01 21:07:11,609 - httpx - INFO - HTTP Request: POST https://api.telegram.org/bot8592906266:AAGA326kDs1pNXbVRWbwtWxIUR3n9VkKQYE/getUpdates "HTTP/1.1 200 OK"
2026-04-01 21:07:21,880 - httpx - INFO - HTTP Request: POST https://api.telegram.org/bot8592906266:AAGA326kDs1pNXbVRWbwtWxIUR3n9VkKQYE/getUpdates "HTTP/1.1 200 OK"
2026-04-01 21:07:32,189 - httpx - INFO - HTTP Request: POST https://api.telegram.org/bot8592906266:AAGA326kDs1pNXbVRWbwtWxIUR3n9VkKQYE/getUpdates "HTTP/1.1 200 OK"
2026-04-01 21:07:42,460 - httpx - INFO - HTTP Request: POST https://api.telegram.org/bot8592906266:AAGA326kDs1pNXbVRWbwtWxIUR3n9VkKQYE/getUpdates "HTTP/1.1 200 OK"
2026-04-01 21:07:52,771 - httpx - INFO - HTTP Request: POST https://api.telegram.org/bot8592906266:AAGA326kDs1pNXbVRWbwtWxIUR3n9VkKQYE/getUpdates "HTTP/1.1 200 OK"
2026-04-01 21:08:03,040 - httpx - INFO - HTTP Request: POST https://api.telegram.org/bot8592906266:AAGA326kDs1pNXbVRWbwtWxIUR3n9VkKQYE/getUpdates "HTTP/1.1 200 OK"
2026-04-01 21:08:13,310 - httpx - INFO - HTTP Request: POST https://api.telegram.org/bot8592906266:AAGA326kDs1pNXbVRWbwtWxIUR3n9VkKQYE/getUpdates "HTTP/1.1 200 OK"
2026-04-01 21:08:23,590 - httpx - INFO - HTTP Request: POST https://api.telegram.org/bot8592906266:AAGA326kDs1pNXbVRWbwtWxIUR3n9VkKQYE/getUpdates "HTTP/1.1 200 OK"
2026-04-01 21:08:33,860 - httpx - INFO - HTTP Request: POST https://api.telegram.org/bot8592906266:AAGA326kDs1pNXbVRWbwtWxIUR3n9VkKQYE/getUpdates "HTTP/1.1 200 OK"
2026-04-01 21:08:44,129 - httpx - INFO - HTTP Request: POST https://api.telegram.org/bot8592906266:AAGA326kDs1pNXbVRWbwtWxIUR3n9VkKQYE/getUpdates "HTTP/1.1 200 OK"
2026-04-01 21:08:54,400 - httpx - INFO - HTTP Request: POST https://api.telegram.org/bot8592906266:AAGA326kDs1pNXbVRWbwtWxIUR3n9VkKQYE/getUpdates "HTTP/1.1 200 OK"
2026-04-01 21:09:04,669 - httpx - INFO - HTTP Request: POST https://api.telegram.org/bot8592906266:AAGA326kDs1pNXbVRWbwtWxIUR3n9VkKQYE/getUpdates "HTTP/1.1 200 OK"
2026-04-01 21:09:05,660 - httpx - INFO - HTTP Request: POST https://api.telegram.org/bot8592906266:AAGA326kDs1pNXbVRWbwtWxIUR3n9VkKQYE/getUpdates "HTTP/1.1 200 OK"
2026-04-01 21:09:05,662 - __main__ - INFO - 📨 메시지 수신: 승영(47980209) - '너에게 웹검색 기능을 붙여 주려면 어떻게 해?...'
2026-04-01 21:09:06,659 - httpx - INFO - HTTP Request: POST https://api.telegram.org/bot8592906266:AAGA326kDs1pNXbVRWbwtWxIUR3n9VkKQYE/sendMessage "HTTP/1.1 200 OK"
2026-04-01 21:09:06,660 - __main__ - INFO - 🔗 MLX 서버 쿼리 시작: '너에게 웹검색 기능을 붙여 주려면 어떻게 해?...'
2026-04-01 21:09:15,400 - __main__ - INFO - ✅ MLX 서버 응답 받음: 901자
2026-04-01 21:09:15,929 - httpx - INFO - HTTP Request: POST https://api.telegram.org/bot8592906266:AAGA326kDs1pNXbVRWbwtWxIUR3n9VkKQYE/getUpdates "HTTP/1.1 200 OK"
2026-04-01 21:09:16,379 - httpx - INFO - HTTP Request: POST https://api.telegram.org/bot8592906266:AAGA326kDs1pNXbVRWbwtWxIUR3n9VkKQYE/deleteMessage "HTTP/1.1 200 OK"
2026-04-01 21:09:16,843 - httpx - INFO - HTTP Request: POST https://api.telegram.org/bot8592906266:AAGA326kDs1pNXbVRWbwtWxIUR3n9VkKQYE/sendMessage "HTTP/1.1 200 OK"
2026-04-01 21:09:16,845 - __main__ - INFO - 📤 응답 전송 완료: 승영(47980209)
2026-04-01 21:09:26,200 - httpx - INFO - HTTP Request: POST https://api.telegram.org/bot8592906266:AAGA326kDs1pNXbVRWbwtWxIUR3n9VkKQYE/getUpdates "HTTP/1.1 200 OK"
2026-04-01 21:09:36,469 - httpx - INFO - HTTP Request: POST https://api.telegram.org/bot8592906266:AAGA326kDs1pNXbVRWbwtWxIUR3n9VkKQYE/getUpdates "HTTP/1.1 200 OK"
2026-04-01 21:09:46,850 - httpx - INFO - HTTP Request: POST https://api.telegram.org/bot8592906266:AAGA326kDs1pNXbVRWbwtWxIUR3n9VkKQYE/getUpdates "HTTP/1.1 200 OK"
2026-04-01 21:09:56,020 - httpx - INFO - HTTP Request: POST https://api.telegram.org/bot8592906266:AAGA326kDs1pNXbVRWbwtWxIUR3n9VkKQYE/getUpdates "HTTP/1.1 200 OK"
2026-04-01 21:09:56,023 - __main__ - INFO - 📨 메시지 수신: 승영(47980209) - '그럼 내일 날씨 확인해줘...'
2026-04-01 21:09:56,999 - httpx - INFO - HTTP Request: POST https://api.telegram.org/bot8592906266:AAGA326kDs1pNXbVRWbwtWxIUR3n9VkKQYE/sendMessage "HTTP/1.1 200 OK"
2026-04-01 21:09:57,001 - __main__ - INFO - 🔗 MLX 서버 쿼리 시작: '그럼 내일 날씨 확인해줘...'
2026-04-01 21:10:05,776 - __main__ - INFO - ✅ MLX 서버 응답 받음: 909자
2026-04-01 21:10:06,299 - httpx - INFO - HTTP Request: POST https://api.telegram.org/bot8592906266:AAGA326kDs1pNXbVRWbwtWxIUR3n9VkKQYE/getUpdates "HTTP/1.1 200 OK"
2026-04-01 21:10:06,749 - httpx - INFO - HTTP Request: POST https://api.telegram.org/bot8592906266:AAGA326kDs1pNXbVRWbwtWxIUR3n9VkKQYE/deleteMessage "HTTP/1.1 200 OK"
2026-04-01 21:10:07,210 - httpx - INFO - HTTP Request: POST https://api.telegram.org/bot8592906266:AAGA326kDs1pNXbVRWbwtWxIUR3n9VkKQYE/sendMessage "HTTP/1.1 200 OK"
2026-04-01 21:10:07,212 - __main__ - INFO - 📤 응답 전송 완료: 승영(47980209)
2026-04-01 21:10:16,569 - httpx - INFO - HTTP Request: POST https://api.telegram.org/bot8592906266:AAGA326kDs1pNXbVRWbwtWxIUR3n9VkKQYE/getUpdates "HTTP/1.1 200 OK"
2026-04-01 21:10:26,319 - httpx - INFO - HTTP Request: POST https://api.telegram.org/bot8592906266:AAGA326kDs1pNXbVRWbwtWxIUR3n9VkKQYE/getUpdates "HTTP/1.1 200 OK"
2026-04-01 21:10:26,322 - __main__ - INFO - 📨 메시지 수신: 승영(47980209) - '서울 오류동의 내일 날씨 알려줘...'
2026-04-01 21:10:27,419 - httpx - INFO - HTTP Request: POST https://api.telegram.org/bot8592906266:AAGA326kDs1pNXbVRWbwtWxIUR3n9VkKQYE/sendMessage "HTTP/1.1 200 OK"
2026-04-01 21:10:27,422 - __main__ - INFO - 🔗 MLX 서버 쿼리 시작: '서울 오류동의 내일 날씨 알려줘...'
2026-04-01 21:10:36,172 - __main__ - INFO - ✅ MLX 서버 응답 받음: 1174자
2026-04-01 21:10:36,599 - httpx - INFO - HTTP Request: POST https://api.telegram.org/bot8592906266:AAGA326kDs1pNXbVRWbwtWxIUR3n9VkKQYE/getUpdates "HTTP/1.1 200 OK"
2026-04-01 21:10:37,188 - httpx - INFO - HTTP Request: POST https://api.telegram.org/bot8592906266:AAGA326kDs1pNXbVRWbwtWxIUR3n9VkKQYE/deleteMessage "HTTP/1.1 200 OK"
2026-04-01 21:10:37,669 - httpx - INFO - HTTP Request: POST https://api.telegram.org/bot8592906266:AAGA326kDs1pNXbVRWbwtWxIUR3n9VkKQYE/sendMessage "HTTP/1.1 200 OK"
2026-04-01 21:10:37,671 - __main__ - INFO - 📤 응답 전송 완료: 승영(47980209)
2026-04-01 21:10:46,870 - httpx - INFO - HTTP Request: POST https://api.telegram.org/bot8592906266:AAGA326kDs1pNXbVRWbwtWxIUR3n9VkKQYE/getUpdates "HTTP/1.1 200 OK"
2026-04-01 21:10:57,139 - httpx - INFO - HTTP Request: POST https://api.telegram.org/bot8592906266:AAGA326kDs1pNXbVRWbwtWxIUR3n9VkKQYE/getUpdates "HTTP/1.1 200 OK"
2026-04-01 21:11:07,409 - httpx - INFO - HTTP Request: POST https://api.telegram.org/bot8592906266:AAGA326kDs1pNXbVRWbwtWxIUR3n9VkKQYE/getUpdates "HTTP/1.1 200 OK"
2026-04-01 21:11:17,694 - httpx - INFO - HTTP Request: POST https://api.telegram.org/bot8592906266:AAGA326kDs1pNXbVRWbwtWxIUR3n9VkKQYE/getUpdates "HTTP/1.1 200 OK"
2026-04-01 21:11:27,979 - httpx - INFO - HTTP Request: POST https://api.telegram.org/bot8592906266:AAGA326kDs1pNXbVRWbwtWxIUR3n9VkKQYE/getUpdates "HTTP/1.1 200 OK"
2026-04-01 21:11:38,258 - httpx - INFO - HTTP Request: POST https://api.telegram.org/bot8592906266:AAGA326kDs1pNXbVRWbwtWxIUR3n9VkKQYE/getUpdates "HTTP/1.1 200 OK"
2026-04-01 21:11:48,529 - httpx - INFO - HTTP Request: POST https://api.telegram.org/bot8592906266:AAGA326kDs1pNXbVRWbwtWxIUR3n9VkKQYE/getUpdates "HTTP/1.1 200 OK"
2026-04-01 21:11:58,799 - httpx - INFO - HTTP Request: POST https://api.telegram.org/bot8592906266:AAGA326kDs1pNXbVRWbwtWxIUR3n9VkKQYE/getUpdates "HTTP/1.1 200 OK"
2026-04-01 21:12:09,099 - httpx - INFO - HTTP Request: POST https://api.telegram.org/bot8592906266:AAGA326kDs1pNXbVRWbwtWxIUR3n9VkKQYE/getUpdates "HTTP/1.1 200 OK"
2026-04-01 21:12:19,369 - httpx - INFO - HTTP Request: POST https://api.telegram.org/bot8592906266:AAGA326kDs1pNXbVRWbwtWxIUR3n9VkKQYE/getUpdates "HTTP/1.1 200 OK"
2026-04-01 21:12:29,638 - httpx - INFO - HTTP Request: POST https://api.telegram.org/bot8592906266:AAGA326kDs1pNXbVRWbwtWxIUR3n9VkKQYE/getUpdates "HTTP/1.1 200 OK"
2026-04-01 21:12:39,909 - httpx - INFO - HTTP Request: POST https://api.telegram.org/bot8592906266:AAGA326kDs1pNXbVRWbwtWxIUR3n9VkKQYE/getUpdates "HTTP/1.1 200 OK"
2026-04-01 21:12:50,178 - httpx - INFO - HTTP Request: POST https://api.telegram.org/bot8592906266:AAGA326kDs1pNXbVRWbwtWxIUR3n9VkKQYE/getUpdates "HTTP/1.1 200 OK"
2026-04-01 21:13:00,448 - httpx - INFO - HTTP Request: POST https://api.telegram.org/bot8592906266:AAGA326kDs1pNXbVRWbwtWxIUR3n9VkKQYE/getUpdates "HTTP/1.1 200 OK"
2026-04-01 21:13:10,728 - httpx - INFO - HTTP Request: POST https://api.telegram.org/bot8592906266:AAGA326kDs1pNXbVRWbwtWxIUR3n9VkKQYE/getUpdates "HTTP/1.1 200 OK"
2026-04-01 21:13:20,999 - httpx - INFO - HTTP Request: POST https://api.telegram.org/bot8592906266:AAGA326kDs1pNXbVRWbwtWxIUR3n9VkKQYE/getUpdates "HTTP/1.1 200 OK"
2026-04-01 21:13:31,268 - httpx - INFO - HTTP Request: POST https://api.telegram.org/bot8592906266:AAGA326kDs1pNXbVRWbwtWxIUR3n9VkKQYE/getUpdates "HTTP/1.1 200 OK"
2026-04-01 21:13:41,549 - httpx - INFO - HTTP Request: POST https://api.telegram.org/bot8592906266:AAGA326kDs1pNXbVRWbwtWxIUR3n9VkKQYE/getUpdates "HTTP/1.1 200 OK"
2026-04-01 21:13:51,818 - httpx - INFO - HTTP Request: POST https://api.telegram.org/bot8592906266:AAGA326kDs1pNXbVRWbwtWxIUR3n9VkKQYE/getUpdates "HTTP/1.1 200 OK"
2026-04-01 21:14:02,088 - httpx - INFO - HTTP Request: POST https://api.telegram.org/bot8592906266:AAGA326kDs1pNXbVRWbwtWxIUR3n9VkKQYE/getUpdates "HTTP/1.1 200 OK"
2026-04-01 21:14:12,900 - httpx - INFO - HTTP Request: POST https://api.telegram.org/bot8592906266:AAGA326kDs1pNXbVRWbwtWxIUR3n9VkKQYE/getUpdates "HTTP/1.1 200 OK"
2026-04-01 21:14:23,178 - httpx - INFO - HTTP Request: POST https://api.telegram.org/bot8592906266:AAGA326kDs1pNXbVRWbwtWxIUR3n9VkKQYE/getUpdates "HTTP/1.1 200 OK"
2026-04-01 21:14:33,448 - httpx - INFO - HTTP Request: POST https://api.telegram.org/bot8592906266:AAGA326kDs1pNXbVRWbwtWxIUR3n9VkKQYE/getUpdates "HTTP/1.1 200 OK"
2026-04-01 21:14:43,718 - httpx - INFO - HTTP Request: POST https://api.telegram.org/bot8592906266:AAGA326kDs1pNXbVRWbwtWxIUR3n9VkKQYE/getUpdates "HTTP/1.1 200 OK"
2026-04-01 21:14:53,988 - httpx - INFO - HTTP Request: POST https://api.telegram.org/bot8592906266:AAGA326kDs1pNXbVRWbwtWxIUR3n9VkKQYE/getUpdates "HTTP/1.1 200 OK"
2026-04-01 21:15:04,258 - httpx - INFO - HTTP Request: POST https://api.telegram.org/bot8592906266:AAGA326kDs1pNXbVRWbwtWxIUR3n9VkKQYE/getUpdates "HTTP/1.1 200 OK"
2026-04-01 21:15:14,538 - httpx - INFO - HTTP Request: POST https://api.telegram.org/bot8592906266:AAGA326kDs1pNXbVRWbwtWxIUR3n9VkKQYE/getUpdates "HTTP/1.1 200 OK"
2026-04-01 21:15:24,818 - httpx - INFO - HTTP Request: POST https://api.telegram.org/bot8592906266:AAGA326kDs1pNXbVRWbwtWxIUR3n9VkKQYE/getUpdates "HTTP/1.1 200 OK"
2026-04-01 21:15:35,088 - httpx - INFO - HTTP Request: POST https://api.telegram.org/bot8592906266:AAGA326kDs1pNXbVRWbwtWxIUR3n9VkKQYE/getUpdates "HTTP/1.1 200 OK"
2026-04-01 21:15:45,357 - httpx - INFO - HTTP Request: POST https://api.telegram.org/bot8592906266:AAGA326kDs1pNXbVRWbwtWxIUR3n9VkKQYE/getUpdates "HTTP/1.1 200 OK"
2026-04-01 21:15:55,687 - httpx - INFO - HTTP Request: POST https://api.telegram.org/bot8592906266:AAGA326kDs1pNXbVRWbwtWxIUR3n9VkKQYE/getUpdates "HTTP/1.1 200 OK"
2026-04-01 21:16:06,028 - httpx - INFO - HTTP Request: POST https://api.telegram.org/bot8592906266:AAGA326kDs1pNXbVRWbwtWxIUR3n9VkKQYE/getUpdates "HTTP/1.1 200 OK"
2026-04-01 21:16:16,378 - httpx - INFO - HTTP Request: POST https://api.telegram.org/bot8592906266:AAGA326kDs1pNXbVRWbwtWxIUR3n9VkKQYE/getUpdates "HTTP/1.1 200 OK"
2026-04-01 21:16:26,718 - httpx - INFO - HTTP Request: POST https://api.telegram.org/bot8592906266:AAGA326kDs1pNXbVRWbwtWxIUR3n9VkKQYE/getUpdates "HTTP/1.1 200 OK"
2026-04-01 21:16:36,998 - httpx - INFO - HTTP Request: POST https://api.telegram.org/bot8592906266:AAGA326kDs1pNXbVRWbwtWxIUR3n9VkKQYE/getUpdates "HTTP/1.1 200 OK"
2026-04-01 21:16:47,277 - httpx - INFO - HTTP Request: POST https://api.telegram.org/bot8592906266:AAGA326kDs1pNXbVRWbwtWxIUR3n9VkKQYE/getUpdates "HTTP/1.1 200 OK"
2026-04-01 21:16:57,548 - httpx - INFO - HTTP Request: POST https://api.telegram.org/bot8592906266:AAGA326kDs1pNXbVRWbwtWxIUR3n9VkKQYE/getUpdates "HTTP/1.1 200 OK"
2026-04-01 21:17:07,827 - httpx - INFO - HTTP Request: POST https://api.telegram.org/bot8592906266:AAGA326kDs1pNXbVRWbwtWxIUR3n9VkKQYE/getUpdates "HTTP/1.1 200 OK"
2026-04-01 21:17:18,109 - httpx - INFO - HTTP Request: POST https://api.telegram.org/bot8592906266:AAGA326kDs1pNXbVRWbwtWxIUR3n9VkKQYE/getUpdates "HTTP/1.1 200 OK"
2026-04-01 21:17:28,379 - httpx - INFO - HTTP Request: POST https://api.telegram.org/bot8592906266:AAGA326kDs1pNXbVRWbwtWxIUR3n9VkKQYE/getUpdates "HTTP/1.1 200 OK"
2026-04-01 21:17:38,710 - httpx - INFO - HTTP Request: POST https://api.telegram.org/bot8592906266:AAGA326kDs1pNXbVRWbwtWxIUR3n9VkKQYE/getUpdates "HTTP/1.1 200 OK"
2026-04-01 21:17:49,168 - httpx - INFO - HTTP Request: POST https://api.telegram.org/bot8592906266:AAGA326kDs1pNXbVRWbwtWxIUR3n9VkKQYE/getUpdates "HTTP/1.1 200 OK"
2026-04-01 21:17:59,491 - httpx - INFO - HTTP Request: POST https://api.telegram.org/bot8592906266:AAGA326kDs1pNXbVRWbwtWxIUR3n9VkKQYE/getUpdates "HTTP/1.1 200 OK"
2026-04-01 21:18:09,771 - httpx - INFO - HTTP Request: POST https://api.telegram.org/bot8592906266:AAGA326kDs1pNXbVRWbwtWxIUR3n9VkKQYE/getUpdates "HTTP/1.1 200 OK"
2026-04-01 21:18:20,040 - httpx - INFO - HTTP Request: POST https://api.telegram.org/bot8592906266:AAGA326kDs1pNXbVRWbwtWxIUR3n9VkKQYE/getUpdates "HTTP/1.1 200 OK"
2026-04-01 21:18:30,320 - httpx - INFO - HTTP Request: POST https://api.telegram.org/bot8592906266:AAGA326kDs1pNXbVRWbwtWxIUR3n9VkKQYE/getUpdates "HTTP/1.1 200 OK"
2026-04-01 21:18:40,601 - httpx - INFO - HTTP Request: POST https://api.telegram.org/bot8592906266:AAGA326kDs1pNXbVRWbwtWxIUR3n9VkKQYE/getUpdates "HTTP/1.1 200 OK"
2026-04-01 21:18:50,896 - httpx - INFO - HTTP Request: POST https://api.telegram.org/bot8592906266:AAGA326kDs1pNXbVRWbwtWxIUR3n9VkKQYE/getUpdates "HTTP/1.1 200 OK"
2026-04-01 21:19:01,170 - httpx - INFO - HTTP Request: POST https://api.telegram.org/bot8592906266:AAGA326kDs1pNXbVRWbwtWxIUR3n9VkKQYE/getUpdates "HTTP/1.1 200 OK"
2026-04-01 21:19:11,470 - httpx - INFO - HTTP Request: POST https://api.telegram.org/bot8592906266:AAGA326kDs1pNXbVRWbwtWxIUR3n9VkKQYE/getUpdates "HTTP/1.1 200 OK"
2026-04-01 21:19:21,740 - httpx - INFO - HTTP Request: POST https://api.telegram.org/bot8592906266:AAGA326kDs1pNXbVRWbwtWxIUR3n9VkKQYE/getUpdates "HTTP/1.1 200 OK"
2026-04-01 21:19:32,020 - httpx - INFO - HTTP Request: POST https://api.telegram.org/bot8592906266:AAGA326kDs1pNXbVRWbwtWxIUR3n9VkKQYE/getUpdates "HTTP/1.1 200 OK"
2026-04-01 21:19:42,291 - httpx - INFO - HTTP Request: POST https://api.telegram.org/bot8592906266:AAGA326kDs1pNXbVRWbwtWxIUR3n9VkKQYE/getUpdates "HTTP/1.1 200 OK"
2026-04-01 21:19:52,610 - httpx - INFO - HTTP Request: POST https://api.telegram.org/bot8592906266:AAGA326kDs1pNXbVRWbwtWxIUR3n9VkKQYE/getUpdates "HTTP/1.1 200 OK"
2026-04-01 21:20:02,891 - httpx - INFO - HTTP Request: POST https://api.telegram.org/bot8592906266:AAGA326kDs1pNXbVRWbwtWxIUR3n9VkKQYE/getUpdates "HTTP/1.1 200 OK"
2026-04-01 21:20:13,160 - httpx - INFO - HTTP Request: POST https://api.telegram.org/bot8592906266:AAGA326kDs1pNXbVRWbwtWxIUR3n9VkKQYE/getUpdates "HTTP/1.1 200 OK"
2026-04-01 21:20:23,430 - httpx - INFO - HTTP Request: POST https://api.telegram.org/bot8592906266:AAGA326kDs1pNXbVRWbwtWxIUR3n9VkKQYE/getUpdates "HTTP/1.1 200 OK"
2026-04-01 21:20:33,720 - httpx - INFO - HTTP Request: POST https://api.telegram.org/bot8592906266:AAGA326kDs1pNXbVRWbwtWxIUR3n9VkKQYE/getUpdates "HTTP/1.1 200 OK"
2026-04-01 21:20:43,989 - httpx - INFO - HTTP Request: POST https://api.telegram.org/bot8592906266:AAGA326kDs1pNXbVRWbwtWxIUR3n9VkKQYE/getUpdates "HTTP/1.1 200 OK"
2026-04-01 21:20:54,420 - httpx - INFO - HTTP Request: POST https://api.telegram.org/bot8592906266:AAGA326kDs1pNXbVRWbwtWxIUR3n9VkKQYE/getUpdates "HTTP/1.1 200 OK"
2026-04-01 21:21:05,110 - httpx - INFO - HTTP Request: POST https://api.telegram.org/bot8592906266:AAGA326kDs1pNXbVRWbwtWxIUR3n9VkKQYE/getUpdates "HTTP/1.1 200 OK"
2026-04-01 21:21:16,077 - httpx - INFO - HTTP Request: POST https://api.telegram.org/bot8592906266:AAGA326kDs1pNXbVRWbwtWxIUR3n9VkKQYE/getUpdates "HTTP/1.1 200 OK"
2026-04-01 21:21:26,511 - httpx - INFO - HTTP Request: POST https://api.telegram.org/bot8592906266:AAGA326kDs1pNXbVRWbwtWxIUR3n9VkKQYE/getUpdates "HTTP/1.1 200 OK"
2026-04-01 21:21:36,819 - httpx - INFO - HTTP Request: POST https://api.telegram.org/bot8592906266:AAGA326kDs1pNXbVRWbwtWxIUR3n9VkKQYE/getUpdates "HTTP/1.1 200 OK"
2026-04-01 21:21:47,156 - httpx - INFO - HTTP Request: POST https://api.telegram.org/bot8592906266:AAGA326kDs1pNXbVRWbwtWxIUR3n9VkKQYE/getUpdates "HTTP/1.1 200 OK"
2026-04-01 21:21:57,601 - httpx - INFO - HTTP Request: POST https://api.telegram.org/bot8592906266:AAGA326kDs1pNXbVRWbwtWxIUR3n9VkKQYE/getUpdates "HTTP/1.1 200 OK"
2026-04-01 21:22:07,917 - httpx - INFO - HTTP Request: POST https://api.telegram.org/bot8592906266:AAGA326kDs1pNXbVRWbwtWxIUR3n9VkKQYE/getUpdates "HTTP/1.1 200 OK"
2026-04-01 21:22:18,463 - httpx - INFO - HTTP Request: POST https://api.telegram.org/bot8592906266:AAGA326kDs1pNXbVRWbwtWxIUR3n9VkKQYE/getUpdates "HTTP/1.1 200 OK"
2026-04-01 21:22:28,839 - httpx - INFO - HTTP Request: POST https://api.telegram.org/bot8592906266:AAGA326kDs1pNXbVRWbwtWxIUR3n9VkKQYE/getUpdates "HTTP/1.1 200 OK"
2026-04-01 21:22:39,171 - httpx - INFO - HTTP Request: POST https://api.telegram.org/bot8592906266:AAGA326kDs1pNXbVRWbwtWxIUR3n9VkKQYE/getUpdates "HTTP/1.1 200 OK"
2026-04-01 21:22:49,527 - httpx - INFO - HTTP Request: POST https://api.telegram.org/bot8592906266:AAGA326kDs1pNXbVRWbwtWxIUR3n9VkKQYE/getUpdates "HTTP/1.1 200 OK"
2026-04-01 21:22:59,910 - httpx - INFO - HTTP Request: POST https://api.telegram.org/bot8592906266:AAGA326kDs1pNXbVRWbwtWxIUR3n9VkKQYE/getUpdates "HTTP/1.1 200 OK"
2026-04-01 21:23:10,222 - httpx - INFO - HTTP Request: POST https://api.telegram.org/bot8592906266:AAGA326kDs1pNXbVRWbwtWxIUR3n9VkKQYE/getUpdates "HTTP/1.1 200 OK"
2026-04-01 21:23:20,529 - httpx - INFO - HTTP Request: POST https://api.telegram.org/bot8592906266:AAGA326kDs1pNXbVRWbwtWxIUR3n9VkKQYE/getUpdates "HTTP/1.1 200 OK"
2026-04-01 21:23:30,848 - httpx - INFO - HTTP Request: POST https://api.telegram.org/bot8592906266:AAGA326kDs1pNXbVRWbwtWxIUR3n9VkKQYE/getUpdates "HTTP/1.1 200 OK"
2026-04-01 21:23:41,156 - httpx - INFO - HTTP Request: POST https://api.telegram.org/bot8592906266:AAGA326kDs1pNXbVRWbwtWxIUR3n9VkKQYE/getUpdates "HTTP/1.1 200 OK"
2026-04-01 21:23:51,502 - httpx - INFO - HTTP Request: POST https://api.telegram.org/bot8592906266:AAGA326kDs1pNXbVRWbwtWxIUR3n9VkKQYE/getUpdates "HTTP/1.1 200 OK"
2026-04-01 21:24:01,978 - httpx - INFO - HTTP Request: POST https://api.telegram.org/bot8592906266:AAGA326kDs1pNXbVRWbwtWxIUR3n9VkKQYE/getUpdates "HTTP/1.1 200 OK"
2026-04-01 21:24:12,336 - httpx - INFO - HTTP Request: POST https://api.telegram.org/bot8592906266:AAGA326kDs1pNXbVRWbwtWxIUR3n9VkKQYE/getUpdates "HTTP/1.1 200 OK"
2026-04-01 21:24:22,630 - httpx - INFO - HTTP Request: POST https://api.telegram.org/bot8592906266:AAGA326kDs1pNXbVRWbwtWxIUR3n9VkKQYE/getUpdates "HTTP/1.1 200 OK"
2026-04-01 21:24:32,959 - httpx - INFO - HTTP Request: POST https://api.telegram.org/bot8592906266:AAGA326kDs1pNXbVRWbwtWxIUR3n9VkKQYE/getUpdates "HTTP/1.1 200 OK"
2026-04-01 21:24:43,246 - httpx - INFO - HTTP Request: POST https://api.telegram.org/bot8592906266:AAGA326kDs1pNXbVRWbwtWxIUR3n9VkKQYE/getUpdates "HTTP/1.1 200 OK"
2026-04-01 21:24:53,580 - httpx - INFO - HTTP Request: POST https://api.telegram.org/bot8592906266:AAGA326kDs1pNXbVRWbwtWxIUR3n9VkKQYE/getUpdates "HTTP/1.1 200 OK"
2026-04-01 21:25:03,899 - httpx - INFO - HTTP Request: POST https://api.telegram.org/bot8592906266:AAGA326kDs1pNXbVRWbwtWxIUR3n9VkKQYE/getUpdates "HTTP/1.1 200 OK"
2026-04-01 21:25:14,238 - httpx - INFO - HTTP Request: POST https://api.telegram.org/bot8592906266:AAGA326kDs1pNXbVRWbwtWxIUR3n9VkKQYE/getUpdates "HTTP/1.1 200 OK"
2026-04-01 21:25:24,580 - httpx - INFO - HTTP Request: POST https://api.telegram.org/bot8592906266:AAGA326kDs1pNXbVRWbwtWxIUR3n9VkKQYE/getUpdates "HTTP/1.1 200 OK"
2026-04-01 21:25:34,937 - httpx - INFO - HTTP Request: POST https://api.telegram.org/bot8592906266:AAGA326kDs1pNXbVRWbwtWxIUR3n9VkKQYE/getUpdates "HTTP/1.1 200 OK"
2026-04-01 21:25:45,208 - httpx - INFO - HTTP Request: POST https://api.telegram.org/bot8592906266:AAGA326kDs1pNXbVRWbwtWxIUR3n9VkKQYE/getUpdates "HTTP/1.1 200 OK"
2026-04-01 21:25:55,592 - httpx - INFO - HTTP Request: POST https://api.telegram.org/bot8592906266:AAGA326kDs1pNXbVRWbwtWxIUR3n9VkKQYE/getUpdates "HTTP/1.1 200 OK"
2026-04-01 21:26:06,767 - httpx - INFO - HTTP Request: POST https://api.telegram.org/bot8592906266:AAGA326kDs1pNXbVRWbwtWxIUR3n9VkKQYE/getUpdates "HTTP/1.1 200 OK"
2026-04-01 21:26:17,630 - httpx - INFO - HTTP Request: POST https://api.telegram.org/bot8592906266:AAGA326kDs1pNXbVRWbwtWxIUR3n9VkKQYE/getUpdates "HTTP/1.1 200 OK"
2026-04-01 21:26:28,038 - httpx - INFO - HTTP Request: POST https://api.telegram.org/bot8592906266:AAGA326kDs1pNXbVRWbwtWxIUR3n9VkKQYE/getUpdates "HTTP/1.1 200 OK"
2026-04-01 21:26:38,449 - httpx - INFO - HTTP Request: POST https://api.telegram.org/bot8592906266:AAGA326kDs1pNXbVRWbwtWxIUR3n9VkKQYE/getUpdates "HTTP/1.1 200 OK"
2026-04-01 21:26:48,803 - httpx - INFO - HTTP Request: POST https://api.telegram.org/bot8592906266:AAGA326kDs1pNXbVRWbwtWxIUR3n9VkKQYE/getUpdates "HTTP/1.1 200 OK"
2026-04-01 21:26:59,294 - httpx - INFO - HTTP Request: POST https://api.telegram.org/bot8592906266:AAGA326kDs1pNXbVRWbwtWxIUR3n9VkKQYE/getUpdates "HTTP/1.1 200 OK"
2026-04-01 21:27:09,652 - httpx - INFO - HTTP Request: POST https://api.telegram.org/bot8592906266:AAGA326kDs1pNXbVRWbwtWxIUR3n9VkKQYE/getUpdates "HTTP/1.1 200 OK"
2026-04-01 21:27:19,958 - httpx - INFO - HTTP Request: POST https://api.telegram.org/bot8592906266:AAGA326kDs1pNXbVRWbwtWxIUR3n9VkKQYE/getUpdates "HTTP/1.1 200 OK"
2026-04-01 21:27:30,327 - httpx - INFO - HTTP Request: POST https://api.telegram.org/bot8592906266:AAGA326kDs1pNXbVRWbwtWxIUR3n9VkKQYE/getUpdates "HTTP/1.1 200 OK"
2026-04-01 21:27:40,724 - httpx - INFO - HTTP Request: POST https://api.telegram.org/bot8592906266:AAGA326kDs1pNXbVRWbwtWxIUR3n9VkKQYE/getUpdates "HTTP/1.1 200 OK"
2026-04-01 21:27:51,093 - httpx - INFO - HTTP Request: POST https://api.telegram.org/bot8592906266:AAGA326kDs1pNXbVRWbwtWxIUR3n9VkKQYE/getUpdates "HTTP/1.1 200 OK"
2026-04-01 21:28:01,459 - httpx - INFO - HTTP Request: POST https://api.telegram.org/bot8592906266:AAGA326kDs1pNXbVRWbwtWxIUR3n9VkKQYE/getUpdates "HTTP/1.1 200 OK"
2026-04-01 21:28:11,838 - httpx - INFO - HTTP Request: POST https://api.telegram.org/bot8592906266:AAGA326kDs1pNXbVRWbwtWxIUR3n9VkKQYE/getUpdates "HTTP/1.1 200 OK"
2026-04-01 21:28:22,209 - httpx - INFO - HTTP Request: POST https://api.telegram.org/bot8592906266:AAGA326kDs1pNXbVRWbwtWxIUR3n9VkKQYE/getUpdates "HTTP/1.1 200 OK"
2026-04-01 21:28:32,560 - httpx - INFO - HTTP Request: POST https://api.telegram.org/bot8592906266:AAGA326kDs1pNXbVRWbwtWxIUR3n9VkKQYE/getUpdates "HTTP/1.1 200 OK"
2026-04-01 21:28:42,940 - httpx - INFO - HTTP Request: POST https://api.telegram.org/bot8592906266:AAGA326kDs1pNXbVRWbwtWxIUR3n9VkKQYE/getUpdates "HTTP/1.1 200 OK"
2026-04-01 21:28:53,273 - httpx - INFO - HTTP Request: POST https://api.telegram.org/bot8592906266:AAGA326kDs1pNXbVRWbwtWxIUR3n9VkKQYE/getUpdates "HTTP/1.1 200 OK"
2026-04-01 21:29:03,647 - httpx - INFO - HTTP Request: POST https://api.telegram.org/bot8592906266:AAGA326kDs1pNXbVRWbwtWxIUR3n9VkKQYE/getUpdates "HTTP/1.1 200 OK"
2026-04-01 21:29:13,962 - httpx - INFO - HTTP Request: POST https://api.telegram.org/bot8592906266:AAGA326kDs1pNXbVRWbwtWxIUR3n9VkKQYE/getUpdates "HTTP/1.1 200 OK"
2026-04-01 21:29:24,285 - httpx - INFO - HTTP Request: POST https://api.telegram.org/bot8592906266:AAGA326kDs1pNXbVRWbwtWxIUR3n9VkKQYE/getUpdates "HTTP/1.1 200 OK"
2026-04-01 21:29:34,644 - httpx - INFO - HTTP Request: POST https://api.telegram.org/bot8592906266:AAGA326kDs1pNXbVRWbwtWxIUR3n9VkKQYE/getUpdates "HTTP/1.1 200 OK"
2026-04-01 21:29:44,952 - httpx - INFO - HTTP Request: POST https://api.telegram.org/bot8592906266:AAGA326kDs1pNXbVRWbwtWxIUR3n9VkKQYE/getUpdates "HTTP/1.1 200 OK"
2026-04-01 21:29:55,292 - httpx - INFO - HTTP Request: POST https://api.telegram.org/bot8592906266:AAGA326kDs1pNXbVRWbwtWxIUR3n9VkKQYE/getUpdates "HTTP/1.1 200 OK"
2026-04-01 21:30:05,793 - httpx - INFO - HTTP Request: POST https://api.telegram.org/bot8592906266:AAGA326kDs1pNXbVRWbwtWxIUR3n9VkKQYE/getUpdates "HTTP/1.1 200 OK"
2026-04-01 21:30:16,523 - httpx - INFO - HTTP Request: POST https://api.telegram.org/bot8592906266:AAGA326kDs1pNXbVRWbwtWxIUR3n9VkKQYE/getUpdates "HTTP/1.1 200 OK"
2026-04-01 21:30:29,312 - httpx - INFO - HTTP Request: POST https://api.telegram.org/bot8592906266:AAGA326kDs1pNXbVRWbwtWxIUR3n9VkKQYE/getUpdates "HTTP/1.1 200 OK"
2026-04-01 21:30:39,799 - httpx - INFO - HTTP Request: POST https://api.telegram.org/bot8592906266:AAGA326kDs1pNXbVRWbwtWxIUR3n9VkKQYE/getUpdates "HTTP/1.1 200 OK"
2026-04-01 21:30:50,148 - httpx - INFO - HTTP Request: POST https://api.telegram.org/bot8592906266:AAGA326kDs1pNXbVRWbwtWxIUR3n9VkKQYE/getUpdates "HTTP/1.1 200 OK"
2026-04-01 21:31:00,489 - httpx - INFO - HTTP Request: POST https://api.telegram.org/bot8592906266:AAGA326kDs1pNXbVRWbwtWxIUR3n9VkKQYE/getUpdates "HTTP/1.1 200 OK"
2026-04-01 21:31:10,882 - httpx - INFO - HTTP Request: POST https://api.telegram.org/bot8592906266:AAGA326kDs1pNXbVRWbwtWxIUR3n9VkKQYE/getUpdates "HTTP/1.1 200 OK"
2026-04-01 21:31:21,306 - httpx - INFO - HTTP Request: POST https://api.telegram.org/bot8592906266:AAGA326kDs1pNXbVRWbwtWxIUR3n9VkKQYE/getUpdates "HTTP/1.1 200 OK"
2026-04-01 21:31:32,252 - httpx - INFO - HTTP Request: POST https://api.telegram.org/bot8592906266:AAGA326kDs1pNXbVRWbwtWxIUR3n9VkKQYE/getUpdates "HTTP/1.1 200 OK"
2026-04-01 21:31:42,650 - httpx - INFO - HTTP Request: POST https://api.telegram.org/bot8592906266:AAGA326kDs1pNXbVRWbwtWxIUR3n9VkKQYE/getUpdates "HTTP/1.1 200 OK"
2026-04-01 21:31:53,029 - httpx - INFO - HTTP Request: POST https://api.telegram.org/bot8592906266:AAGA326kDs1pNXbVRWbwtWxIUR3n9VkKQYE/getUpdates "HTTP/1.1 200 OK"
2026-04-01 21:32:03,361 - httpx - INFO - HTTP Request: POST https://api.telegram.org/bot8592906266:AAGA326kDs1pNXbVRWbwtWxIUR3n9VkKQYE/getUpdates "HTTP/1.1 200 OK"
2026-04-01 21:32:13,650 - httpx - INFO - HTTP Request: POST https://api.telegram.org/bot8592906266:AAGA326kDs1pNXbVRWbwtWxIUR3n9VkKQYE/getUpdates "HTTP/1.1 200 OK"
2026-04-01 21:32:23,994 - httpx - INFO - HTTP Request: POST https://api.telegram.org/bot8592906266:AAGA326kDs1pNXbVRWbwtWxIUR3n9VkKQYE/getUpdates "HTTP/1.1 200 OK"
2026-04-01 21:32:34,306 - httpx - INFO - HTTP Request: POST https://api.telegram.org/bot8592906266:AAGA326kDs1pNXbVRWbwtWxIUR3n9VkKQYE/getUpdates "HTTP/1.1 200 OK"
2026-04-01 21:32:44,665 - httpx - INFO - HTTP Request: POST https://api.telegram.org/bot8592906266:AAGA326kDs1pNXbVRWbwtWxIUR3n9VkKQYE/getUpdates "HTTP/1.1 200 OK"
2026-04-01 21:32:54,993 - httpx - INFO - HTTP Request: POST https://api.telegram.org/bot8592906266:AAGA326kDs1pNXbVRWbwtWxIUR3n9VkKQYE/getUpdates "HTTP/1.1 200 OK"
2026-04-01 21:33:05,294 - httpx - INFO - HTTP Request: POST https://api.telegram.org/bot8592906266:AAGA326kDs1pNXbVRWbwtWxIUR3n9VkKQYE/getUpdates "HTTP/1.1 200 OK"
2026-04-01 21:33:15,648 - httpx - INFO - HTTP Request: POST https://api.telegram.org/bot8592906266:AAGA326kDs1pNXbVRWbwtWxIUR3n9VkKQYE/getUpdates "HTTP/1.1 200 OK"
2026-04-01 21:33:25,995 - httpx - INFO - HTTP Request: POST https://api.telegram.org/bot8592906266:AAGA326kDs1pNXbVRWbwtWxIUR3n9VkKQYE/getUpdates "HTTP/1.1 200 OK"
2026-04-01 21:33:36,270 - httpx - INFO - HTTP Request: POST https://api.telegram.org/bot8592906266:AAGA326kDs1pNXbVRWbwtWxIUR3n9VkKQYE/getUpdates "HTTP/1.1 200 OK"
2026-04-01 21:33:46,573 - httpx - INFO - HTTP Request: POST https://api.telegram.org/bot8592906266:AAGA326kDs1pNXbVRWbwtWxIUR3n9VkKQYE/getUpdates "HTTP/1.1 200 OK"
2026-04-01 21:33:56,953 - httpx - INFO - HTTP Request: POST https://api.telegram.org/bot8592906266:AAGA326kDs1pNXbVRWbwtWxIUR3n9VkKQYE/getUpdates "HTTP/1.1 200 OK"
2026-04-01 21:34:07,253 - httpx - INFO - HTTP Request: POST https://api.telegram.org/bot8592906266:AAGA326kDs1pNXbVRWbwtWxIUR3n9VkKQYE/getUpdates "HTTP/1.1 200 OK"
2026-04-01 21:34:17,551 - httpx - INFO - HTTP Request: POST https://api.telegram.org/bot8592906266:AAGA326kDs1pNXbVRWbwtWxIUR3n9VkKQYE/getUpdates "HTTP/1.1 200 OK"
2026-04-01 21:34:27,895 - httpx - INFO - HTTP Request: POST https://api.telegram.org/bot8592906266:AAGA326kDs1pNXbVRWbwtWxIUR3n9VkKQYE/getUpdates "HTTP/1.1 200 OK"
2026-04-01 21:34:38,721 - httpx - INFO - HTTP Request: POST https://api.telegram.org/bot8592906266:AAGA326kDs1pNXbVRWbwtWxIUR3n9VkKQYE/getUpdates "HTTP/1.1 200 OK"
2026-04-01 21:34:50,246 - httpx - INFO - HTTP Request: POST https://api.telegram.org/bot8592906266:AAGA326kDs1pNXbVRWbwtWxIUR3n9VkKQYE/getUpdates "HTTP/1.1 200 OK"
2026-04-01 21:35:00,911 - httpx - INFO - HTTP Request: POST https://api.telegram.org/bot8592906266:AAGA326kDs1pNXbVRWbwtWxIUR3n9VkKQYE/getUpdates "HTTP/1.1 200 OK"
2026-04-01 21:35:11,266 - httpx - INFO - HTTP Request: POST https://api.telegram.org/bot8592906266:AAGA326kDs1pNXbVRWbwtWxIUR3n9VkKQYE/getUpdates "HTTP/1.1 200 OK"
2026-04-01 21:35:21,677 - httpx - INFO - HTTP Request: POST https://api.telegram.org/bot8592906266:AAGA326kDs1pNXbVRWbwtWxIUR3n9VkKQYE/getUpdates "HTTP/1.1 200 OK"
2026-04-01 21:35:32,087 - httpx - INFO - HTTP Request: POST https://api.telegram.org/bot8592906266:AAGA326kDs1pNXbVRWbwtWxIUR3n9VkKQYE/getUpdates "HTTP/1.1 200 OK"
2026-04-01 21:35:42,428 - httpx - INFO - HTTP Request: POST https://api.telegram.org/bot8592906266:AAGA326kDs1pNXbVRWbwtWxIUR3n9VkKQYE/getUpdates "HTTP/1.1 200 OK"
2026-04-01 21:35:52,848 - httpx - INFO - HTTP Request: POST https://api.telegram.org/bot8592906266:AAGA326kDs1pNXbVRWbwtWxIUR3n9VkKQYE/getUpdates "HTTP/1.1 200 OK"
2026-04-01 21:36:03,168 - httpx - INFO - HTTP Request: POST https://api.telegram.org/bot8592906266:AAGA326kDs1pNXbVRWbwtWxIUR3n9VkKQYE/getUpdates "HTTP/1.1 200 OK"
2026-04-01 21:36:13,463 - httpx - INFO - HTTP Request: POST https://api.telegram.org/bot8592906266:AAGA326kDs1pNXbVRWbwtWxIUR3n9VkKQYE/getUpdates "HTTP/1.1 200 OK"
2026-04-01 21:36:23,827 - httpx - INFO - HTTP Request: POST https://api.telegram.org/bot8592906266:AAGA326kDs1pNXbVRWbwtWxIUR3n9VkKQYE/getUpdates "HTTP/1.1 200 OK"
2026-04-01 21:36:34,155 - httpx - INFO - HTTP Request: POST https://api.telegram.org/bot8592906266:AAGA326kDs1pNXbVRWbwtWxIUR3n9VkKQYE/getUpdates "HTTP/1.1 200 OK"
2026-04-01 21:36:44,538 - httpx - INFO - HTTP Request: POST https://api.telegram.org/bot8592906266:AAGA326kDs1pNXbVRWbwtWxIUR3n9VkKQYE/getUpdates "HTTP/1.1 200 OK"
2026-04-01 21:36:54,837 - httpx - INFO - HTTP Request: POST https://api.telegram.org/bot8592906266:AAGA326kDs1pNXbVRWbwtWxIUR3n9VkKQYE/getUpdates "HTTP/1.1 200 OK"
2026-04-01 21:37:05,132 - httpx - INFO - HTTP Request: POST https://api.telegram.org/bot8592906266:AAGA326kDs1pNXbVRWbwtWxIUR3n9VkKQYE/getUpdates "HTTP/1.1 200 OK"
2026-04-01 21:37:15,434 - httpx - INFO - HTTP Request: POST https://api.telegram.org/bot8592906266:AAGA326kDs1pNXbVRWbwtWxIUR3n9VkKQYE/getUpdates "HTTP/1.1 200 OK"
2026-04-01 21:37:25,723 - httpx - INFO - HTTP Request: POST https://api.telegram.org/bot8592906266:AAGA326kDs1pNXbVRWbwtWxIUR3n9VkKQYE/getUpdates "HTTP/1.1 200 OK"
2026-04-01 21:37:36,018 - httpx - INFO - HTTP Request: POST https://api.telegram.org/bot8592906266:AAGA326kDs1pNXbVRWbwtWxIUR3n9VkKQYE/getUpdates "HTTP/1.1 200 OK"
2026-04-01 21:37:46,380 - httpx - INFO - HTTP Request: POST https://api.telegram.org/bot8592906266:AAGA326kDs1pNXbVRWbwtWxIUR3n9VkKQYE/getUpdates "HTTP/1.1 200 OK"
2026-04-01 21:37:56,751 - httpx - INFO - HTTP Request: POST https://api.telegram.org/bot8592906266:AAGA326kDs1pNXbVRWbwtWxIUR3n9VkKQYE/getUpdates "HTTP/1.1 200 OK"
2026-04-01 21:38:07,150 - httpx - INFO - HTTP Request: POST https://api.telegram.org/bot8592906266:AAGA326kDs1pNXbVRWbwtWxIUR3n9VkKQYE/getUpdates "HTTP/1.1 200 OK"
2026-04-01 21:38:17,506 - httpx - INFO - HTTP Request: POST https://api.telegram.org/bot8592906266:AAGA326kDs1pNXbVRWbwtWxIUR3n9VkKQYE/getUpdates "HTTP/1.1 200 OK"
2026-04-01 21:38:27,803 - httpx - INFO - HTTP Request: POST https://api.telegram.org/bot8592906266:AAGA326kDs1pNXbVRWbwtWxIUR3n9VkKQYE/getUpdates "HTTP/1.1 200 OK"
2026-04-01 21:38:38,105 - httpx - INFO - HTTP Request: POST https://api.telegram.org/bot8592906266:AAGA326kDs1pNXbVRWbwtWxIUR3n9VkKQYE/getUpdates "HTTP/1.1 200 OK"
2026-04-01 21:38:48,412 - httpx - INFO - HTTP Request: POST https://api.telegram.org/bot8592906266:AAGA326kDs1pNXbVRWbwtWxIUR3n9VkKQYE/getUpdates "HTTP/1.1 200 OK"
2026-04-01 21:38:58,826 - httpx - INFO - HTTP Request: POST https://api.telegram.org/bot8592906266:AAGA326kDs1pNXbVRWbwtWxIUR3n9VkKQYE/getUpdates "HTTP/1.1 200 OK"
2026-04-01 21:39:09,201 - httpx - INFO - HTTP Request: POST https://api.telegram.org/bot8592906266:AAGA326kDs1pNXbVRWbwtWxIUR3n9VkKQYE/getUpdates "HTTP/1.1 200 OK"
2026-04-01 21:39:19,494 - httpx - INFO - HTTP Request: POST https://api.telegram.org/bot8592906266:AAGA326kDs1pNXbVRWbwtWxIUR3n9VkKQYE/getUpdates "HTTP/1.1 200 OK"
2026-04-01 21:39:29,791 - httpx - INFO - HTTP Request: POST https://api.telegram.org/bot8592906266:AAGA326kDs1pNXbVRWbwtWxIUR3n9VkKQYE/getUpdates "HTTP/1.1 200 OK"
2026-04-01 21:39:40,195 - httpx - INFO - HTTP Request: POST https://api.telegram.org/bot8592906266:AAGA326kDs1pNXbVRWbwtWxIUR3n9VkKQYE/getUpdates "HTTP/1.1 200 OK"
2026-04-01 21:39:50,542 - httpx - INFO - HTTP Request: POST https://api.telegram.org/bot8592906266:AAGA326kDs1pNXbVRWbwtWxIUR3n9VkKQYE/getUpdates "HTTP/1.1 200 OK"
2026-04-01 21:40:00,921 - httpx - INFO - HTTP Request: POST https://api.telegram.org/bot8592906266:AAGA326kDs1pNXbVRWbwtWxIUR3n9VkKQYE/getUpdates "HTTP/1.1 200 OK"
2026-04-01 21:40:11,321 - httpx - INFO - HTTP Request: POST https://api.telegram.org/bot8592906266:AAGA326kDs1pNXbVRWbwtWxIUR3n9VkKQYE/getUpdates "HTTP/1.1 200 OK"
2026-04-01 21:40:21,611 - httpx - INFO - HTTP Request: POST https://api.telegram.org/bot8592906266:AAGA326kDs1pNXbVRWbwtWxIUR3n9VkKQYE/getUpdates "HTTP/1.1 200 OK"
2026-04-01 21:40:31,918 - httpx - INFO - HTTP Request: POST https://api.telegram.org/bot8592906266:AAGA326kDs1pNXbVRWbwtWxIUR3n9VkKQYE/getUpdates "HTTP/1.1 200 OK"
2026-04-01 21:40:42,205 - httpx - INFO - HTTP Request: POST https://api.telegram.org/bot8592906266:AAGA326kDs1pNXbVRWbwtWxIUR3n9VkKQYE/getUpdates "HTTP/1.1 200 OK"
2026-04-01 21:40:52,478 - httpx - INFO - HTTP Request: POST https://api.telegram.org/bot8592906266:AAGA326kDs1pNXbVRWbwtWxIUR3n9VkKQYE/getUpdates "HTTP/1.1 200 OK"
2026-04-01 21:41:02,782 - httpx - INFO - HTTP Request: POST https://api.telegram.org/bot8592906266:AAGA326kDs1pNXbVRWbwtWxIUR3n9VkKQYE/getUpdates "HTTP/1.1 200 OK"
2026-04-01 21:41:13,078 - httpx - INFO - HTTP Request: POST https://api.telegram.org/bot8592906266:AAGA326kDs1pNXbVRWbwtWxIUR3n9VkKQYE/getUpdates "HTTP/1.1 200 OK"
2026-04-01 21:41:23,374 - httpx - INFO - HTTP Request: POST https://api.telegram.org/bot8592906266:AAGA326kDs1pNXbVRWbwtWxIUR3n9VkKQYE/getUpdates "HTTP/1.1 200 OK"
2026-04-01 21:41:33,770 - httpx - INFO - HTTP Request: POST https://api.telegram.org/bot8592906266:AAGA326kDs1pNXbVRWbwtWxIUR3n9VkKQYE/getUpdates "HTTP/1.1 200 OK"
2026-04-01 21:41:44,142 - httpx - INFO - HTTP Request: POST https://api.telegram.org/bot8592906266:AAGA326kDs1pNXbVRWbwtWxIUR3n9VkKQYE/getUpdates "HTTP/1.1 200 OK"
2026-04-01 21:41:54,435 - httpx - INFO - HTTP Request: POST https://api.telegram.org/bot8592906266:AAGA326kDs1pNXbVRWbwtWxIUR3n9VkKQYE/getUpdates "HTTP/1.1 200 OK"
2026-04-01 21:42:04,766 - httpx - INFO - HTTP Request: POST https://api.telegram.org/bot8592906266:AAGA326kDs1pNXbVRWbwtWxIUR3n9VkKQYE/getUpdates "HTTP/1.1 200 OK"
2026-04-01 21:42:15,242 - httpx - INFO - HTTP Request: POST https://api.telegram.org/bot8592906266:AAGA326kDs1pNXbVRWbwtWxIUR3n9VkKQYE/getUpdates "HTTP/1.1 200 OK"
2026-04-01 21:42:26,211 - httpx - INFO - HTTP Request: POST https://api.telegram.org/bot8592906266:AAGA326kDs1pNXbVRWbwtWxIUR3n9VkKQYE/getUpdates "HTTP/1.1 200 OK"
2026-04-01 21:42:36,808 - httpx - INFO - HTTP Request: POST https://api.telegram.org/bot8592906266:AAGA326kDs1pNXbVRWbwtWxIUR3n9VkKQYE/getUpdates "HTTP/1.1 200 OK"
2026-04-01 21:42:47,203 - httpx - INFO - HTTP Request: POST https://api.telegram.org/bot8592906266:AAGA326kDs1pNXbVRWbwtWxIUR3n9VkKQYE/getUpdates "HTTP/1.1 200 OK"
2026-04-01 21:42:57,584 - httpx - INFO - HTTP Request: POST https://api.telegram.org/bot8592906266:AAGA326kDs1pNXbVRWbwtWxIUR3n9VkKQYE/getUpdates "HTTP/1.1 200 OK"
2026-04-01 21:43:07,918 - httpx - INFO - HTTP Request: POST https://api.telegram.org/bot8592906266:AAGA326kDs1pNXbVRWbwtWxIUR3n9VkKQYE/getUpdates "HTTP/1.1 200 OK"
2026-04-01 21:43:18,221 - httpx - INFO - HTTP Request: POST https://api.telegram.org/bot8592906266:AAGA326kDs1pNXbVRWbwtWxIUR3n9VkKQYE/getUpdates "HTTP/1.1 200 OK"
2026-04-01 21:43:28,508 - httpx - INFO - HTTP Request: POST https://api.telegram.org/bot8592906266:AAGA326kDs1pNXbVRWbwtWxIUR3n9VkKQYE/getUpdates "HTTP/1.1 200 OK"
2026-04-01 21:43:38,774 - httpx - INFO - HTTP Request: POST https://api.telegram.org/bot8592906266:AAGA326kDs1pNXbVRWbwtWxIUR3n9VkKQYE/getUpdates "HTTP/1.1 200 OK"
2026-04-01 21:43:49,034 - httpx - INFO - HTTP Request: POST https://api.telegram.org/bot8592906266:AAGA326kDs1pNXbVRWbwtWxIUR3n9VkKQYE/getUpdates "HTTP/1.1 200 OK"
2026-04-01 21:43:59,294 - httpx - INFO - HTTP Request: POST https://api.telegram.org/bot8592906266:AAGA326kDs1pNXbVRWbwtWxIUR3n9VkKQYE/getUpdates "HTTP/1.1 200 OK"
2026-04-01 21:44:09,554 - httpx - INFO - HTTP Request: POST https://api.telegram.org/bot8592906266:AAGA326kDs1pNXbVRWbwtWxIUR3n9VkKQYE/getUpdates "HTTP/1.1 200 OK"
2026-04-01 21:44:19,834 - httpx - INFO - HTTP Request: POST https://api.telegram.org/bot8592906266:AAGA326kDs1pNXbVRWbwtWxIUR3n9VkKQYE/getUpdates "HTTP/1.1 200 OK"
2026-04-01 21:44:26,194 - httpx - INFO - HTTP Request: POST https://api.telegram.org/bot8592906266:AAGA326kDs1pNXbVRWbwtWxIUR3n9VkKQYE/getUpdates "HTTP/1.1 200 OK"
2026-04-01 21:44:27,204 - httpx - INFO - HTTP Request: POST https://api.telegram.org/bot8592906266:AAGA326kDs1pNXbVRWbwtWxIUR3n9VkKQYE/sendMessage "HTTP/1.1 200 OK"
2026-04-01 21:44:36,454 - httpx - INFO - HTTP Request: POST https://api.telegram.org/bot8592906266:AAGA326kDs1pNXbVRWbwtWxIUR3n9VkKQYE/getUpdates "HTTP/1.1 200 OK"
2026-04-01 21:44:41,645 - httpx - INFO - HTTP Request: POST https://api.telegram.org/bot8592906266:AAGA326kDs1pNXbVRWbwtWxIUR3n9VkKQYE/getUpdates "HTTP/1.1 200 OK"
2026-04-01 21:44:51,984 - httpx - INFO - HTTP Request: POST https://api.telegram.org/bot8592906266:AAGA326kDs1pNXbVRWbwtWxIUR3n9VkKQYE/getUpdates "HTTP/1.1 200 OK"
2026-04-01 21:45:02,245 - httpx - INFO - HTTP Request: POST https://api.telegram.org/bot8592906266:AAGA326kDs1pNXbVRWbwtWxIUR3n9VkKQYE/getUpdates "HTTP/1.1 200 OK"
2026-04-01 21:45:12,504 - httpx - INFO - HTTP Request: POST https://api.telegram.org/bot8592906266:AAGA326kDs1pNXbVRWbwtWxIUR3n9VkKQYE/getUpdates "HTTP/1.1 200 OK"
2026-04-01 21:45:22,804 - httpx - INFO - HTTP Request: POST https://api.telegram.org/bot8592906266:AAGA326kDs1pNXbVRWbwtWxIUR3n9VkKQYE/getUpdates "HTTP/1.1 200 OK"
2026-04-01 21:45:33,065 - httpx - INFO - HTTP Request: POST https://api.telegram.org/bot8592906266:AAGA326kDs1pNXbVRWbwtWxIUR3n9VkKQYE/getUpdates "HTTP/1.1 200 OK"
2026-04-01 21:45:43,324 - httpx - INFO - HTTP Request: POST https://api.telegram.org/bot8592906266:AAGA326kDs1pNXbVRWbwtWxIUR3n9VkKQYE/getUpdates "HTTP/1.1 200 OK"
2026-04-01 21:45:53,584 - httpx - INFO - HTTP Request: POST https://api.telegram.org/bot8592906266:AAGA326kDs1pNXbVRWbwtWxIUR3n9VkKQYE/getUpdates "HTTP/1.1 200 OK"
2026-04-01 21:46:03,854 - httpx - INFO - HTTP Request: POST https://api.telegram.org/bot8592906266:AAGA326kDs1pNXbVRWbwtWxIUR3n9VkKQYE/getUpdates "HTTP/1.1 200 OK"
2026-04-01 21:46:14,114 - httpx - INFO - HTTP Request: POST https://api.telegram.org/bot8592906266:AAGA326kDs1pNXbVRWbwtWxIUR3n9VkKQYE/getUpdates "HTTP/1.1 200 OK"
2026-04-01 21:46:24,374 - httpx - INFO - HTTP Request: POST https://api.telegram.org/bot8592906266:AAGA326kDs1pNXbVRWbwtWxIUR3n9VkKQYE/getUpdates "HTTP/1.1 200 OK"
2026-04-01 21:46:34,634 - httpx - INFO - HTTP Request: POST https://api.telegram.org/bot8592906266:AAGA326kDs1pNXbVRWbwtWxIUR3n9VkKQYE/getUpdates "HTTP/1.1 200 OK"
2026-04-01 21:46:44,894 - httpx - INFO - HTTP Request: POST https://api.telegram.org/bot8592906266:AAGA326kDs1pNXbVRWbwtWxIUR3n9VkKQYE/getUpdates "HTTP/1.1 200 OK"
2026-04-01 21:46:55,155 - httpx - INFO - HTTP Request: POST https://api.telegram.org/bot8592906266:AAGA326kDs1pNXbVRWbwtWxIUR3n9VkKQYE/getUpdates "HTTP/1.1 200 OK"
2026-04-01 21:47:05,429 - httpx - INFO - HTTP Request: POST https://api.telegram.org/bot8592906266:AAGA326kDs1pNXbVRWbwtWxIUR3n9VkKQYE/getUpdates "HTTP/1.1 200 OK"
2026-04-01 21:47:15,701 - httpx - INFO - HTTP Request: POST https://api.telegram.org/bot8592906266:AAGA326kDs1pNXbVRWbwtWxIUR3n9VkKQYE/getUpdates "HTTP/1.1 200 OK"
2026-04-01 21:47:25,995 - httpx - INFO - HTTP Request: POST https://api.telegram.org/bot8592906266:AAGA326kDs1pNXbVRWbwtWxIUR3n9VkKQYE/getUpdates "HTTP/1.1 200 OK"
2026-04-01 21:47:36,314 - httpx - INFO - HTTP Request: POST https://api.telegram.org/bot8592906266:AAGA326kDs1pNXbVRWbwtWxIUR3n9VkKQYE/getUpdates "HTTP/1.1 200 OK"
2026-04-01 21:47:46,593 - httpx - INFO - HTTP Request: POST https://api.telegram.org/bot8592906266:AAGA326kDs1pNXbVRWbwtWxIUR3n9VkKQYE/getUpdates "HTTP/1.1 200 OK"
2026-04-01 21:47:56,924 - httpx - INFO - HTTP Request: POST https://api.telegram.org/bot8592906266:AAGA326kDs1pNXbVRWbwtWxIUR3n9VkKQYE/getUpdates "HTTP/1.1 200 OK"
2026-04-01 21:48:07,484 - httpx - INFO - HTTP Request: POST https://api.telegram.org/bot8592906266:AAGA326kDs1pNXbVRWbwtWxIUR3n9VkKQYE/getUpdates "HTTP/1.1 200 OK"
2026-04-01 21:48:07,485 - telegram.ext.Application - INFO - Application is stopping. This might take a moment.
2026-04-01 21:48:07,485 - telegram.ext.Application - INFO - Application.stop() complete
🤖 붐엘 텔레그램 봇 시작: @boomllm_bot (MLX 통합 버전 - 수정)
